TMS320C6x Assembler PC v7.4.18 Tue Dec 05 09:15:55 2017

Tools Copyright (c) 1996-2015 Texas Instruments Incorporated
C:\Users\Pc\AppData\Local\Temp\0425210                               PAGE    1

       1                    ;******************************************************************************
       2                    ;* TMS320C6x C/C++ Codegen                                         PC v7.4.18 *
       3                    ;* Date/Time created: Tue Dec 05 09:15:55 2017                                *
       4                    ;******************************************************************************
       5                            .compiler_opts --abi=coffabi --c64p_l1d_workaround=default --endian=little --hll_source=on --l
       6                    
       7                    ;******************************************************************************
       8                    ;* GLOBAL FILE PARAMETERS                                                     *
       9                    ;*                                                                            *
      10                    ;*   Architecture      : TMS320C671x                                          *
      11                    ;*   Optimization      : Disabled                                             *
      12                    ;*   Optimizing for    : Compile time, Ease of Development                    *
      13                    ;*                       Based on options: no -o, no -ms                      *
      14                    ;*   Endian            : Little                                               *
      15                    ;*   Interrupt Thrshld : Disabled                                             *
      16                    ;*   Data Access Model : Far                                                  *
      17                    ;*   Pipelining        : Disabled                                             *
      18                    ;*   Memory Aliases    : Presume are aliases (pessimistic)                    *
      19                    ;*   Debug Info        : DWARF Debug                                          *
      20                    ;*                                                                            *
      21                    ;******************************************************************************
      22                    
      23                            .asg    A15, FP
      24                            .asg    B14, DP
      25                            .asg    B15, SP
      26                            .global $bss
      27                    
      28                    
      29                    $C$DW$CU        .dwtag  DW_TAG_compile_unit
      30                            .dwattr $C$DW$CU, DW_AT_name("../main.c")
      31                            .dwattr $C$DW$CU, DW_AT_producer("TMS320C6x C/C++ Codegen PC v7.4.18 Copyright (c) 1996-2015 T
      32                            .dwattr $C$DW$CU, DW_AT_TI_version(0x01)
      33                            .dwattr $C$DW$CU, DW_AT_comp_dir("E:\2017_Cours_TP_DSP_C6713\Workspace\TP1_Acquisition\Debug")
      34                    ;*****************************************************************************
      35                    ;* CINIT RECORDS                                                             *
      36                    ;*****************************************************************************
      37 00000000                   .sect   ".cinit"
      38                            .align  8
      39 00000000 00000004          .field          4,32
      40 00000004 00000000-         .field          _fs+0,32
      41 00000008 00000001          .bits   1,32                    ; _fs @ 0
      42                    
      43 0000000c                   .sect   ".cinit"
      44                            .align  8
      45 00000010 00000004          .field          4,32
      46 00000014 00000088-         .field          _i+0,32
      47 00000018 00000000          .bits   0,32                    ; _i @ 0
      48                    
      49                    
      50                    $C$DW$1 .dwtag  DW_TAG_subprogram, DW_AT_name("input_sample")
      51                            .dwattr $C$DW$1, DW_AT_TI_symbol_name("_input_sample")
      52                            .dwattr $C$DW$1, DW_AT_type(*$C$DW$T$26)
      53                            .dwattr $C$DW$1, DW_AT_declaration
      54                            .dwattr $C$DW$1, DW_AT_external
      55                    
TMS320C6x Assembler PC v7.4.18 Tue Dec 05 09:15:55 2017

Tools Copyright (c) 1996-2015 Texas Instruments Incorporated
C:\Users\Pc\AppData\Local\Temp\0425210                               PAGE    2

      56                    $C$DW$2 .dwtag  DW_TAG_subprogram, DW_AT_name("output_sample")
      57                            .dwattr $C$DW$2, DW_AT_TI_symbol_name("_output_sample")
      58                            .dwattr $C$DW$2, DW_AT_declaration
      59                            .dwattr $C$DW$2, DW_AT_external
      60                    $C$DW$3 .dwtag  DW_TAG_formal_parameter
      61                            .dwattr $C$DW$3, DW_AT_type(*$C$DW$T$10)
      62                            .dwendtag $C$DW$2
      63                    
      64                    
      65                    $C$DW$4 .dwtag  DW_TAG_subprogram, DW_AT_name("comm_intr")
      66                            .dwattr $C$DW$4, DW_AT_TI_symbol_name("_comm_intr")
      67                            .dwattr $C$DW$4, DW_AT_declaration
      68                            .dwattr $C$DW$4, DW_AT_external
      69                            .global _fs
      70 00000000           _fs:    .usect  ".far",4,4
      71                    $C$DW$5 .dwtag  DW_TAG_variable, DW_AT_name("fs")
      72                            .dwattr $C$DW$5, DW_AT_TI_symbol_name("_fs")
      73                            .dwattr $C$DW$5, DW_AT_location[DW_OP_addr _fs]
      74                            .dwattr $C$DW$5, DW_AT_type(*$C$DW$T$26)
      75                            .dwattr $C$DW$5, DW_AT_external
      76                            .global _Xn
      77 00000004           _Xn:    .usect  ".far",2,2
      78                    $C$DW$6 .dwtag  DW_TAG_variable, DW_AT_name("Xn")
      79                            .dwattr $C$DW$6, DW_AT_TI_symbol_name("_Xn")
      80                            .dwattr $C$DW$6, DW_AT_location[DW_OP_addr _Xn]
      81                            .dwattr $C$DW$6, DW_AT_type(*$C$DW$T$8)
      82                            .dwattr $C$DW$6, DW_AT_external
      83                            .global _XnBuffer
      84 00000008           _XnBuffer:      .usect  ".far",128,4
      85                    $C$DW$7 .dwtag  DW_TAG_variable, DW_AT_name("XnBuffer")
      86                            .dwattr $C$DW$7, DW_AT_TI_symbol_name("_XnBuffer")
      87                            .dwattr $C$DW$7, DW_AT_location[DW_OP_addr _XnBuffer]
      88                            .dwattr $C$DW$7, DW_AT_type(*$C$DW$T$23)
      89                            .dwattr $C$DW$7, DW_AT_external
      90                            .global _i
      91 00000088           _i:     .usect  ".far",4,4
      92                    $C$DW$8 .dwtag  DW_TAG_variable, DW_AT_name("i")
      93                            .dwattr $C$DW$8, DW_AT_TI_symbol_name("_i")
      94                            .dwattr $C$DW$8, DW_AT_location[DW_OP_addr _i]
      95                            .dwattr $C$DW$8, DW_AT_type(*$C$DW$T$11)
      96                            .dwattr $C$DW$8, DW_AT_external
      97                    ;       C:\ti\ccsv6\tools\compiler\c6000_7.4.18\bin\acp6x.exe -@C:\\Users\\Pc\\AppData\\Local\\Temp\\0
      98 00000000                   .sect   ".text:retain"
      99                            .retain
     100                            .retainrefs
     101                            .global _c_int11
     102                    
     103                    $C$DW$9 .dwtag  DW_TAG_subprogram, DW_AT_name("c_int11")
     104                            .dwattr $C$DW$9, DW_AT_low_pc(_c_int11)
     105                            .dwattr $C$DW$9, DW_AT_high_pc(0x00)
     106                            .dwattr $C$DW$9, DW_AT_TI_symbol_name("_c_int11")
     107                            .dwattr $C$DW$9, DW_AT_external
     108                            .dwattr $C$DW$9, DW_AT_TI_begin_file("../main.c")
     109                            .dwattr $C$DW$9, DW_AT_TI_begin_line(0x0d)
     110                            .dwattr $C$DW$9, DW_AT_TI_begin_column(0x10)
TMS320C6x Assembler PC v7.4.18 Tue Dec 05 09:15:55 2017

Tools Copyright (c) 1996-2015 Texas Instruments Incorporated
C:\Users\Pc\AppData\Local\Temp\0425210                               PAGE    3

     111                            .dwattr $C$DW$9, DW_AT_TI_interrupt
     112                            .dwattr $C$DW$9, DW_AT_TI_max_frame_size(0x50)
     113                            .dwpsn  file "../main.c",line 14,column 1,is_stmt,address _c_int11
     114                    
     115                            .dwfde $C$DW$CIE, _c_int11
     116                    
     117                    ;******************************************************************************
     118                    ;* FUNCTION NAME: c_int11                                                     *
     119                    ;*                                                                            *
     120                    ;*   Regs Modified     : A0,A1,A2,A3,A4,A5,A6,A7,A8,A9,B0,B1,B2,B3,B4,B5,B6,  *
     121                    ;*                           B7,B8,B9,SP                                      *
     122                    ;*   Regs Used         : A0,A1,A2,A3,A4,A5,A6,A7,A8,A9,B0,B1,B2,B3,B4,B5,B6,  *
     123                    ;*                           B7,B8,B9,DP,SP                                   *
     124                    ;*   Local Frame Size  : 0 Args + 0 Auto + 80 Save = 80 byte                  *
     125                    ;******************************************************************************
     126 00000000           _c_int11:
     127                    ;** --------------------------------------------------------------------------*
     128                            .dwcfi  cfa_offset, 0
     129                            .dwcfi  save_reg_to_reg, 228, 19
     130 00000000 04BE94F6             STW     .D2T2   B9,*SP--(80)      ; |14| 
     131                            .dwcfi  cfa_offset, 80
     132                            .dwcfi  save_reg_to_mem, 25, 0
     133 00000004 043E62F6             STW     .D2T2   B8,*+SP(76)       ; |14| 
     134                            .dwcfi  save_reg_to_mem, 24, -4
     135 00000008 03BE42F6             STW     .D2T2   B7,*+SP(72)       ; |14| 
     136                            .dwcfi  save_reg_to_mem, 23, -8
     137 0000000c 033E22F6             STW     .D2T2   B6,*+SP(68)       ; |14| 
     138                            .dwcfi  save_reg_to_mem, 22, -12
     139 00000010 02BE02F6             STW     .D2T2   B5,*+SP(64)       ; |14| 
     140                            .dwcfi  save_reg_to_mem, 21, -16
     141 00000014 023DE2F6             STW     .D2T2   B4,*+SP(60)       ; |14| 
     142                            .dwcfi  save_reg_to_mem, 20, -20
     143 00000018 01BDC2F6             STW     .D2T2   B3,*+SP(56)       ; |14| 
     144                            .dwcfi  save_reg_to_mem, 19, -24
     145 0000001c 013DA2F6             STW     .D2T2   B2,*+SP(52)       ; |14| 
     146                            .dwcfi  save_reg_to_mem, 18, -28
     147 00000020 00BD82F6             STW     .D2T2   B1,*+SP(48)       ; |14| 
     148                            .dwcfi  save_reg_to_mem, 17, -32
     149 00000024 003D62F6             STW     .D2T2   B0,*+SP(44)       ; |14| 
     150                            .dwcfi  save_reg_to_mem, 16, -36
     151 00000028 04BD42F4             STW     .D2T1   A9,*+SP(40)       ; |14| 
     152                            .dwcfi  save_reg_to_mem, 9, -40
     153 0000002c 043D22F4             STW     .D2T1   A8,*+SP(36)       ; |14| 
     154                            .dwcfi  save_reg_to_mem, 8, -44
     155 00000030 03BD02F4             STW     .D2T1   A7,*+SP(32)       ; |14| 
     156                            .dwcfi  save_reg_to_mem, 7, -48
     157 00000034 033CE2F4             STW     .D2T1   A6,*+SP(28)       ; |14| 
     158                            .dwcfi  save_reg_to_mem, 6, -52
     159 00000038 02BCC2F4             STW     .D2T1   A5,*+SP(24)       ; |14| 
     160                            .dwcfi  save_reg_to_mem, 5, -56
     161 0000003c 023CA2F4             STW     .D2T1   A4,*+SP(20)       ; |14| 
     162                            .dwcfi  save_reg_to_mem, 4, -60
     163 00000040 01BC82F4             STW     .D2T1   A3,*+SP(16)       ; |14| 
     164                            .dwcfi  save_reg_to_mem, 3, -64
     165 00000044 013C62F4             STW     .D2T1   A2,*+SP(12)       ; |14| 
TMS320C6x Assembler PC v7.4.18 Tue Dec 05 09:15:55 2017

Tools Copyright (c) 1996-2015 Texas Instruments Incorporated
C:\Users\Pc\AppData\Local\Temp\0425210                               PAGE    4

     166                            .dwcfi  save_reg_to_mem, 2, -68
     167 00000048 00BC42F4             STW     .D2T1   A1,*+SP(8)        ; |14| 
     168                            .dwcfi  save_reg_to_mem, 1, -72
     169 0000004c 003C22F4             STW     .D2T1   A0,*+SP(4)        ; |14| 
     170                            .dwcfi  save_reg_to_mem, 0, -76
     171                            .dwpsn  file "../main.c",line 15,column 2,is_stmt
     172                    $C$DW$10        .dwtag  DW_TAG_TI_branch
     173                            .dwattr $C$DW$10, DW_AT_low_pc(0x00)
     174                            .dwattr $C$DW$10, DW_AT_name("_input_sample")
     175                            .dwattr $C$DW$10, DW_AT_TI_call
     176 00000050 0FFFF810!            CALL    .S1     _input_sample     ; |15| 
     177 00000054 0180302A+            MVKL    .S2     $C$RL0,B3         ; |15| 
     178 00000058 0180006A+            MVKH    .S2     $C$RL0,B3         ; |15| 
     179 0000005c 00004000             NOP             3
     180 00000060           $C$RL0:    ; CALL OCCURS {_input_sample} {0}  ; |15| 
     181 00000060 0200022A-            MVKL    .S2     _Xn,B4
     182 00000064 0200006A-            MVKH    .S2     _Xn,B4
     183 00000068 021002D4             STH     .D2T1   A4,*B4            ; |15| 
     184                            .dwpsn  file "../main.c",line 16,column 2,is_stmt
     185 0000006c 0280442A-            MVKL    .S2     _i,B5
     186                    
     187 00000070 0280006B-            MVKH    .S2     _i,B5
     188 00000074 021002C6  ||         LDH     .D2T2   *B4,B4            ; |16| 
     189                    
     190 00000078 029402E6             LDW     .D2T2   *B5,B5            ; |16| 
     191 0000007c 0300042A-            MVKL    .S2     _XnBuffer,B6
     192 00000080 0300006A-            MVKH    .S2     _XnBuffer,B6
     193 00000084 00002000             NOP             2
     194 00000088 0218AAD6             STH     .D2T2   B4,*+B6[B5]       ; |16| 
     195                            .dwpsn  file "../main.c",line 17,column 2,is_stmt
     196 0000008c 01804428-            MVKL    .S1     _i,A3
     197 00000090 01800068-            MVKH    .S1     _i,A3
     198 00000094 018C0264             LDW     .D1T1   *A3,A3            ; |17| 
     199 00000098 0200442A-            MVKL    .S2     _i,B4
     200 0000009c 0200006A-            MVKH    .S2     _i,B4
     201 000000a0 00002000             NOP             2
     202 000000a4 018C2058             ADD     .L1     1,A3,A3           ; |17| 
     203 000000a8 018F5A08             EXTU    .S1     A3,26,26,A3       ; |17| 
     204 000000ac 019002F4             STW     .D2T1   A3,*B4            ; |17| 
     205                            .dwpsn  file "../main.c",line 19,column 2,is_stmt
     206 000000b0 01800228-            MVKL    .S1     _Xn,A3
     207                    $C$DW$11        .dwtag  DW_TAG_TI_branch
     208                            .dwattr $C$DW$11, DW_AT_low_pc(0x04)
     209                            .dwattr $C$DW$11, DW_AT_name("_output_sample")
     210                            .dwattr $C$DW$11, DW_AT_TI_call
     211                    
     212 000000b4 01800069-            MVKH    .S1     _Xn,A3
     213 000000b8 0FFFEC12! ||         CALL    .S2     _output_sample    ; |19| 
     214                    
     215 000000bc 020C0244             LDH     .D1T1   *A3,A4            ; |19| 
     216 000000c0 0180662A+            MVKL    .S2     $C$RL1,B3         ; |19| 
     217 000000c4 0180006A+            MVKH    .S2     $C$RL1,B3         ; |19| 
     218 000000c8 00002000             NOP             2
     219 000000cc           $C$RL1:    ; CALL OCCURS {_output_sample} {0}  ; |19| 
     220                            .dwpsn  file "../main.c",line 20,column 2,is_stmt
TMS320C6x Assembler PC v7.4.18 Tue Dec 05 09:15:55 2017

Tools Copyright (c) 1996-2015 Texas Instruments Incorporated
C:\Users\Pc\AppData\Local\Temp\0425210                               PAGE    5

     221                            .dwpsn  file "../main.c",line 21,column 1,is_stmt
     222 000000cc 043E62E6             LDW     .D2T2   *+SP(76),B8       ; |21| 
     223 000000d0 00006000             NOP             4
     224                            .dwcfi  restore_reg, 24
     225 000000d4 03BE42E6             LDW     .D2T2   *+SP(72),B7       ; |21| 
     226 000000d8 00006000             NOP             4
     227                            .dwcfi  restore_reg, 23
     228 000000dc 033E22E6             LDW     .D2T2   *+SP(68),B6       ; |21| 
     229 000000e0 00006000             NOP             4
     230                            .dwcfi  restore_reg, 22
     231 000000e4 02BE02E6             LDW     .D2T2   *+SP(64),B5       ; |21| 
     232 000000e8 00006000             NOP             4
     233                            .dwcfi  restore_reg, 21
     234 000000ec 023DE2E6             LDW     .D2T2   *+SP(60),B4       ; |21| 
     235 000000f0 00006000             NOP             4
     236                            .dwcfi  restore_reg, 20
     237 000000f4 01BDC2E6             LDW     .D2T2   *+SP(56),B3       ; |21| 
     238 000000f8 00006000             NOP             4
     239                            .dwcfi  restore_reg, 19
     240 000000fc 013DA2E6             LDW     .D2T2   *+SP(52),B2       ; |21| 
     241 00000100 00006000             NOP             4
     242                            .dwcfi  restore_reg, 18
     243 00000104 00BD82E6             LDW     .D2T2   *+SP(48),B1       ; |21| 
     244 00000108 00006000             NOP             4
     245                            .dwcfi  restore_reg, 17
     246 0000010c 003D62E6             LDW     .D2T2   *+SP(44),B0       ; |21| 
     247 00000110 00006000             NOP             4
     248                            .dwcfi  restore_reg, 16
     249 00000114 04BD42E4             LDW     .D2T1   *+SP(40),A9       ; |21| 
     250 00000118 00006000             NOP             4
     251                            .dwcfi  restore_reg, 9
     252 0000011c 043D22E4             LDW     .D2T1   *+SP(36),A8       ; |21| 
     253 00000120 00006000             NOP             4
     254                            .dwcfi  restore_reg, 8
     255 00000124 03BD02E4             LDW     .D2T1   *+SP(32),A7       ; |21| 
     256 00000128 00006000             NOP             4
     257                            .dwcfi  restore_reg, 7
     258 0000012c 033CE2E4             LDW     .D2T1   *+SP(28),A6       ; |21| 
     259 00000130 00006000             NOP             4
     260                            .dwcfi  restore_reg, 6
     261 00000134 02BCC2E4             LDW     .D2T1   *+SP(24),A5       ; |21| 
     262 00000138 00006000             NOP             4
     263                            .dwcfi  restore_reg, 5
     264 0000013c 023CA2E4             LDW     .D2T1   *+SP(20),A4       ; |21| 
     265 00000140 00006000             NOP             4
     266                            .dwcfi  restore_reg, 4
     267 00000144 01BC82E4             LDW     .D2T1   *+SP(16),A3       ; |21| 
     268 00000148 00006000             NOP             4
     269                            .dwcfi  restore_reg, 3
     270 0000014c 013C62E4             LDW     .D2T1   *+SP(12),A2       ; |21| 
     271 00000150 00006000             NOP             4
     272                            .dwcfi  restore_reg, 2
     273 00000154 00BC42E4             LDW     .D2T1   *+SP(8),A1        ; |21| 
     274 00000158 00006000             NOP             4
     275                            .dwcfi  restore_reg, 1
TMS320C6x Assembler PC v7.4.18 Tue Dec 05 09:15:55 2017

Tools Copyright (c) 1996-2015 Texas Instruments Incorporated
C:\Users\Pc\AppData\Local\Temp\0425210                               PAGE    6

     276 0000015c 003C22E4             LDW     .D2T1   *+SP(4),A0        ; |21| 
     277 00000160 00006000             NOP             4
     278                            .dwcfi  restore_reg, 0
     279 00000164 04BE92E6             LDW     .D2T2   *++SP(80),B9      ; |21| 
     280 00000168 00006000             NOP             4
     281                            .dwcfi  cfa_offset, 0
     282                            .dwcfi  restore_reg, 25
     283                            .dwcfi  cfa_offset, 0
     284                    $C$DW$12        .dwtag  DW_TAG_TI_branch
     285                            .dwattr $C$DW$12, DW_AT_low_pc(0x00)
     286                            .dwattr $C$DW$12, DW_AT_TI_return
     287 0000016c 001800E2             RET     .S2     IRP               ; |21| 
     288 00000170 00008000             NOP             5
     289                               ; BRANCH OCCURS {IRP}             ; |21| 
     290                            .dwattr $C$DW$9, DW_AT_TI_end_file("../main.c")
     291                            .dwattr $C$DW$9, DW_AT_TI_end_line(0x15)
     292                            .dwattr $C$DW$9, DW_AT_TI_end_column(0x01)
     293                            .dwendentry
     294                            .dwendtag $C$DW$9
     295                    
     296 00000000                   .sect   ".text"
     297                            .clink
     298                            .global _main
     299                    
     300                    $C$DW$13        .dwtag  DW_TAG_subprogram, DW_AT_name("main")
     301                            .dwattr $C$DW$13, DW_AT_low_pc(_main)
     302                            .dwattr $C$DW$13, DW_AT_high_pc(0x00)
     303                            .dwattr $C$DW$13, DW_AT_TI_symbol_name("_main")
     304                            .dwattr $C$DW$13, DW_AT_external
     305                            .dwattr $C$DW$13, DW_AT_type(*$C$DW$T$10)
     306                            .dwattr $C$DW$13, DW_AT_TI_begin_file("../main.c")
     307                            .dwattr $C$DW$13, DW_AT_TI_begin_line(0x17)
     308                            .dwattr $C$DW$13, DW_AT_TI_begin_column(0x01)
     309                            .dwattr $C$DW$13, DW_AT_TI_max_frame_size(0x08)
     310                            .dwpsn  file "../main.c",line 24,column 1,is_stmt,address _main
     311                    
     312                            .dwfde $C$DW$CIE, _main
     313                    
     314                    ;******************************************************************************
     315                    ;* FUNCTION NAME: main                                                        *
     316                    ;*                                                                            *
     317                    ;*   Regs Modified     : A0,A1,A2,A3,A4,A5,A6,A7,A8,A9,B0,B1,B2,B3,B4,B5,B6,  *
     318                    ;*                           B7,B8,B9,SP                                      *
     319                    ;*   Regs Used         : A0,A1,A2,A3,A4,A5,A6,A7,A8,A9,B0,B1,B2,B3,B4,B5,B6,  *
     320                    ;*                           B7,B8,B9,DP,SP                                   *
     321                    ;*   Local Frame Size  : 0 Args + 0 Auto + 4 Save = 4 byte                    *
     322                    ;******************************************************************************
     323 00000000           _main:
     324                    ;** --------------------------------------------------------------------------*
     325                            .dwcfi  cfa_offset, 0
     326                            .dwcfi  save_reg_to_reg, 228, 19
     327 00000000 01BC54F6             STW     .D2T2   B3,*SP--(8)       ; |24| 
     328                            .dwcfi  cfa_offset, 8
     329                            .dwcfi  save_reg_to_mem, 19, 0
     330                            .dwpsn  file "../main.c",line 25,column 2,is_stmt
TMS320C6x Assembler PC v7.4.18 Tue Dec 05 09:15:55 2017

Tools Copyright (c) 1996-2015 Texas Instruments Incorporated
C:\Users\Pc\AppData\Local\Temp\0425210                               PAGE    7

     331                    $C$DW$14        .dwtag  DW_TAG_TI_branch
     332                            .dwattr $C$DW$14, DW_AT_low_pc(0x00)
     333                            .dwattr $C$DW$14, DW_AT_name("_comm_intr")
     334                            .dwattr $C$DW$14, DW_AT_TI_call
     335 00000004 00000010!            CALL    .S1     _comm_intr        ; |25| 
     336 00000008 01800A2A'            MVKL    .S2     $C$RL2,B3         ; |25| 
     337 0000000c 0180006A'            MVKH    .S2     $C$RL2,B3         ; |25| 
     338 00000010 00004000             NOP             3
     339 00000014           $C$RL2:    ; CALL OCCURS {_comm_intr} {0}    ; |25| 
     340                            .dwpsn  file "../main.c",line 26,column 8,is_stmt
     341                    ;*----------------------------------------------------------------------------*
     342                    ;*   SOFTWARE PIPELINE INFORMATION
     343                    ;*      Disqualified loop: Software pipelining disabled
     344                    ;*      Disqualified loop: Bad loop structure
     345                    ;*----------------------------------------------------------------------------*
     346 00000014           $C$L1:    
     347 00000014           $C$DW$L$_main$2$B:
     348 00000014 00000290             B       .S1     $C$L1             ; |26| 
     349 00000018 00008000             NOP             5
     350                               ; BRANCH OCCURS {$C$L1}           ; |26| 
     351 0000001c           $C$DW$L$_main$2$E:
     352                    ;** --------------------------------------------------------------------------*
     353                            .dwcfi  cfa_offset, 0
     354                            .dwcfi  restore_reg, 19
     355                            .dwcfi  cfa_offset, 0
     356                    
     357                    $C$DW$15        .dwtag  DW_TAG_TI_loop
     358                            .dwattr $C$DW$15, DW_AT_name("C:\\Users\\Pc\\AppData\\Local\\Temp\\0425210:$C$L1:1:1512461755"
     359                            .dwattr $C$DW$15, DW_AT_TI_begin_file("../main.c")
     360                            .dwattr $C$DW$15, DW_AT_TI_begin_line(0x1a)
     361                            .dwattr $C$DW$15, DW_AT_TI_end_line(0x1a)
     362                    $C$DW$16        .dwtag  DW_TAG_TI_loop_range
     363                            .dwattr $C$DW$16, DW_AT_low_pc($C$DW$L$_main$2$B)
     364                            .dwattr $C$DW$16, DW_AT_high_pc($C$DW$L$_main$2$E)
     365                            .dwendtag $C$DW$15
     366                    
     367                            .dwattr $C$DW$13, DW_AT_TI_end_file("../main.c")
     368                            .dwattr $C$DW$13, DW_AT_TI_end_line(0x1b)
     369                            .dwattr $C$DW$13, DW_AT_TI_end_column(0x01)
     370                            .dwendentry
     371                            .dwendtag $C$DW$13
     372                    
     373                    ;*****************************************************************************
     374                    ;* UNDEFINED EXTERNAL REFERENCES                                             *
     375                    ;*****************************************************************************
     376                            .global _input_sample
     377                            .global _output_sample
     378                            .global _comm_intr
     379                    
     380                    ;******************************************************************************
     381                    ;* BUILD ATTRIBUTES                                                           *
     382                    ;******************************************************************************
     383                            .battr "TI", Tag_File, 1, Tag_ABI_stack_align_needed(0)
     384                            .battr "TI", Tag_File, 1, Tag_ABI_stack_align_preserved(0)
     385                            .battr "TI", Tag_File, 1, Tag_Tramps_Use_SOC(0)
TMS320C6x Assembler PC v7.4.18 Tue Dec 05 09:15:55 2017

Tools Copyright (c) 1996-2015 Texas Instruments Incorporated
C:\Users\Pc\AppData\Local\Temp\0425210                               PAGE    8

     386                    
     387                    ;******************************************************************************
     388                    ;* TYPE INFORMATION                                                           *
     389                    ;******************************************************************************
     390                    $C$DW$T$4       .dwtag  DW_TAG_base_type
     391                            .dwattr $C$DW$T$4, DW_AT_encoding(DW_ATE_boolean)
     392                            .dwattr $C$DW$T$4, DW_AT_name("bool")
     393                            .dwattr $C$DW$T$4, DW_AT_byte_size(0x01)
     394                    $C$DW$T$5       .dwtag  DW_TAG_base_type
     395                            .dwattr $C$DW$T$5, DW_AT_encoding(DW_ATE_signed_char)
     396                            .dwattr $C$DW$T$5, DW_AT_name("signed char")
     397                            .dwattr $C$DW$T$5, DW_AT_byte_size(0x01)
     398                    $C$DW$T$6       .dwtag  DW_TAG_base_type
     399                            .dwattr $C$DW$T$6, DW_AT_encoding(DW_ATE_unsigned_char)
     400                            .dwattr $C$DW$T$6, DW_AT_name("unsigned char")
     401                            .dwattr $C$DW$T$6, DW_AT_byte_size(0x01)
     402                    $C$DW$T$7       .dwtag  DW_TAG_base_type
     403                            .dwattr $C$DW$T$7, DW_AT_encoding(DW_ATE_signed_char)
     404                            .dwattr $C$DW$T$7, DW_AT_name("wchar_t")
     405                            .dwattr $C$DW$T$7, DW_AT_byte_size(0x02)
     406                    $C$DW$T$8       .dwtag  DW_TAG_base_type
     407                            .dwattr $C$DW$T$8, DW_AT_encoding(DW_ATE_signed)
     408                            .dwattr $C$DW$T$8, DW_AT_name("short")
     409                            .dwattr $C$DW$T$8, DW_AT_byte_size(0x02)
     410                    
     411                    $C$DW$T$23      .dwtag  DW_TAG_array_type
     412                            .dwattr $C$DW$T$23, DW_AT_type(*$C$DW$T$8)
     413                            .dwattr $C$DW$T$23, DW_AT_language(DW_LANG_C)
     414                            .dwattr $C$DW$T$23, DW_AT_byte_size(0x80)
     415                    $C$DW$17        .dwtag  DW_TAG_subrange_type
     416                            .dwattr $C$DW$17, DW_AT_upper_bound(0x3f)
     417                            .dwendtag $C$DW$T$23
     418                    
     419                    $C$DW$T$9       .dwtag  DW_TAG_base_type
     420                            .dwattr $C$DW$T$9, DW_AT_encoding(DW_ATE_unsigned)
     421                            .dwattr $C$DW$T$9, DW_AT_name("unsigned short")
     422                            .dwattr $C$DW$T$9, DW_AT_byte_size(0x02)
     423                    $C$DW$T$10      .dwtag  DW_TAG_base_type
     424                            .dwattr $C$DW$T$10, DW_AT_encoding(DW_ATE_signed)
     425                            .dwattr $C$DW$T$10, DW_AT_name("int")
     426                            .dwattr $C$DW$T$10, DW_AT_byte_size(0x04)
     427                    $C$DW$T$11      .dwtag  DW_TAG_base_type
     428                            .dwattr $C$DW$T$11, DW_AT_encoding(DW_ATE_unsigned)
     429                            .dwattr $C$DW$T$11, DW_AT_name("unsigned int")
     430                            .dwattr $C$DW$T$11, DW_AT_byte_size(0x04)
     431                    $C$DW$T$26      .dwtag  DW_TAG_typedef, DW_AT_name("Uint32")
     432                            .dwattr $C$DW$T$26, DW_AT_type(*$C$DW$T$11)
     433                            .dwattr $C$DW$T$26, DW_AT_language(DW_LANG_C)
     434                    $C$DW$T$12      .dwtag  DW_TAG_base_type
     435                            .dwattr $C$DW$T$12, DW_AT_encoding(DW_ATE_signed)
     436                            .dwattr $C$DW$T$12, DW_AT_name("long")
     437                            .dwattr $C$DW$T$12, DW_AT_byte_size(0x08)
     438                            .dwattr $C$DW$T$12, DW_AT_bit_size(0x28)
     439                            .dwattr $C$DW$T$12, DW_AT_bit_offset(0x18)
     440                    $C$DW$T$13      .dwtag  DW_TAG_base_type
TMS320C6x Assembler PC v7.4.18 Tue Dec 05 09:15:55 2017

Tools Copyright (c) 1996-2015 Texas Instruments Incorporated
C:\Users\Pc\AppData\Local\Temp\0425210                               PAGE    9

     441                            .dwattr $C$DW$T$13, DW_AT_encoding(DW_ATE_unsigned)
     442                            .dwattr $C$DW$T$13, DW_AT_name("unsigned long")
     443                            .dwattr $C$DW$T$13, DW_AT_byte_size(0x08)
     444                            .dwattr $C$DW$T$13, DW_AT_bit_size(0x28)
     445                            .dwattr $C$DW$T$13, DW_AT_bit_offset(0x18)
     446                    $C$DW$T$14      .dwtag  DW_TAG_base_type
     447                            .dwattr $C$DW$T$14, DW_AT_encoding(DW_ATE_signed)
     448                            .dwattr $C$DW$T$14, DW_AT_name("long long")
     449                            .dwattr $C$DW$T$14, DW_AT_byte_size(0x08)
     450                    $C$DW$T$15      .dwtag  DW_TAG_base_type
     451                            .dwattr $C$DW$T$15, DW_AT_encoding(DW_ATE_unsigned)
     452                            .dwattr $C$DW$T$15, DW_AT_name("unsigned long long")
     453                            .dwattr $C$DW$T$15, DW_AT_byte_size(0x08)
     454                    $C$DW$T$16      .dwtag  DW_TAG_base_type
     455                            .dwattr $C$DW$T$16, DW_AT_encoding(DW_ATE_float)
     456                            .dwattr $C$DW$T$16, DW_AT_name("float")
     457                            .dwattr $C$DW$T$16, DW_AT_byte_size(0x04)
     458                    $C$DW$T$17      .dwtag  DW_TAG_base_type
     459                            .dwattr $C$DW$T$17, DW_AT_encoding(DW_ATE_float)
     460                            .dwattr $C$DW$T$17, DW_AT_name("double")
     461                            .dwattr $C$DW$T$17, DW_AT_byte_size(0x08)
     462                    $C$DW$T$18      .dwtag  DW_TAG_base_type
     463                            .dwattr $C$DW$T$18, DW_AT_encoding(DW_ATE_float)
     464                            .dwattr $C$DW$T$18, DW_AT_name("long double")
     465                            .dwattr $C$DW$T$18, DW_AT_byte_size(0x08)
     466                            .dwattr $C$DW$CU, DW_AT_language(DW_LANG_C)
     467                    
     468                    ;***************************************************************
     469                    ;* DWARF CIE ENTRIES                                           *
     470                    ;***************************************************************
     471                    
     472                    $C$DW$CIE       .dwcie 228
     473                            .dwcfi  cfa_register, 31
     474                            .dwcfi  cfa_offset, 0
     475                            .dwcfi  undefined, 0
     476                            .dwcfi  undefined, 1
     477                            .dwcfi  undefined, 2
     478                            .dwcfi  undefined, 3
     479                            .dwcfi  undefined, 4
     480                            .dwcfi  undefined, 5
     481                            .dwcfi  undefined, 6
     482                            .dwcfi  undefined, 7
     483                            .dwcfi  undefined, 8
     484                            .dwcfi  undefined, 9
     485                            .dwcfi  same_value, 10
     486                            .dwcfi  same_value, 11
     487                            .dwcfi  same_value, 12
     488                            .dwcfi  same_value, 13
     489                            .dwcfi  same_value, 14
     490                            .dwcfi  same_value, 15
     491                            .dwcfi  undefined, 16
     492                            .dwcfi  undefined, 17
     493                            .dwcfi  undefined, 18
     494                            .dwcfi  undefined, 19
     495                            .dwcfi  undefined, 20
TMS320C6x Assembler PC v7.4.18 Tue Dec 05 09:15:55 2017

Tools Copyright (c) 1996-2015 Texas Instruments Incorporated
C:\Users\Pc\AppData\Local\Temp\0425210                               PAGE   10

     496                            .dwcfi  undefined, 21
     497                            .dwcfi  undefined, 22
     498                            .dwcfi  undefined, 23
     499                            .dwcfi  undefined, 24
     500                            .dwcfi  undefined, 25
     501                            .dwcfi  same_value, 26
     502                            .dwcfi  same_value, 27
     503                            .dwcfi  same_value, 28
     504                            .dwcfi  same_value, 29
     505                            .dwcfi  same_value, 30
     506                            .dwcfi  same_value, 31
     507                            .dwcfi  same_value, 32
     508                            .dwcfi  undefined, 33
     509                            .dwcfi  undefined, 34
     510                            .dwcfi  undefined, 35
     511                            .dwcfi  undefined, 36
     512                            .dwcfi  undefined, 37
     513                            .dwcfi  undefined, 38
     514                            .dwcfi  undefined, 39
     515                            .dwcfi  undefined, 40
     516                            .dwcfi  undefined, 41
     517                            .dwcfi  undefined, 42
     518                            .dwcfi  undefined, 43
     519                            .dwcfi  undefined, 44
     520                            .dwcfi  undefined, 45
     521                            .dwcfi  undefined, 46
     522                            .dwcfi  undefined, 47
     523                            .dwcfi  undefined, 48
     524                            .dwcfi  undefined, 49
     525                            .dwcfi  undefined, 50
     526                            .dwcfi  undefined, 51
     527                            .dwcfi  undefined, 52
     528                            .dwcfi  undefined, 53
     529                            .dwcfi  undefined, 54
     530                            .dwcfi  undefined, 55
     531                            .dwcfi  undefined, 56
     532                            .dwcfi  undefined, 57
     533                            .dwcfi  undefined, 58
     534                            .dwcfi  undefined, 59
     535                            .dwcfi  undefined, 60
     536                            .dwcfi  undefined, 61
     537                            .dwcfi  undefined, 62
     538                            .dwcfi  undefined, 63
     539                            .dwcfi  undefined, 64
     540                            .dwcfi  undefined, 65
     541                            .dwcfi  undefined, 66
     542                            .dwcfi  undefined, 67
     543                            .dwcfi  undefined, 68
     544                            .dwcfi  undefined, 69
     545                            .dwcfi  undefined, 70
     546                            .dwcfi  undefined, 71
     547                            .dwcfi  undefined, 72
     548                            .dwcfi  undefined, 73
     549                            .dwcfi  undefined, 74
     550                            .dwcfi  undefined, 75
TMS320C6x Assembler PC v7.4.18 Tue Dec 05 09:15:55 2017

Tools Copyright (c) 1996-2015 Texas Instruments Incorporated
C:\Users\Pc\AppData\Local\Temp\0425210                               PAGE   11

     551                            .dwcfi  undefined, 76
     552                            .dwcfi  undefined, 77
     553                            .dwcfi  undefined, 78
     554                            .dwcfi  undefined, 79
     555                            .dwcfi  undefined, 80
     556                            .dwcfi  undefined, 81
     557                            .dwcfi  undefined, 82
     558                            .dwcfi  undefined, 83
     559                            .dwcfi  undefined, 84
     560                            .dwcfi  undefined, 85
     561                            .dwcfi  undefined, 86
     562                            .dwcfi  undefined, 87
     563                            .dwcfi  undefined, 88
     564                            .dwcfi  undefined, 89
     565                            .dwcfi  undefined, 90
     566                            .dwcfi  undefined, 91
     567                            .dwcfi  undefined, 92
     568                            .dwcfi  undefined, 93
     569                            .dwcfi  undefined, 94
     570                            .dwcfi  undefined, 95
     571                            .dwcfi  undefined, 96
     572                            .dwcfi  undefined, 97
     573                            .dwcfi  undefined, 98
     574                            .dwcfi  undefined, 99
     575                            .dwcfi  undefined, 100
     576                            .dwcfi  undefined, 101
     577                            .dwcfi  undefined, 102
     578                            .dwcfi  undefined, 103
     579                            .dwcfi  undefined, 104
     580                            .dwcfi  undefined, 105
     581                            .dwcfi  undefined, 106
     582                            .dwcfi  undefined, 107
     583                            .dwcfi  undefined, 108
     584                            .dwcfi  undefined, 109
     585                            .dwcfi  undefined, 110
     586                            .dwcfi  undefined, 111
     587                            .dwcfi  undefined, 112
     588                            .dwcfi  undefined, 113
     589                            .dwcfi  undefined, 114
     590                            .dwcfi  undefined, 115
     591                            .dwcfi  undefined, 116
     592                            .dwcfi  undefined, 117
     593                            .dwcfi  undefined, 118
     594                            .dwcfi  undefined, 119
     595                            .dwcfi  undefined, 120
     596                            .dwcfi  undefined, 121
     597                            .dwcfi  undefined, 122
     598                            .dwcfi  undefined, 123
     599                            .dwcfi  undefined, 124
     600                            .dwcfi  undefined, 125
     601                            .dwcfi  undefined, 126
     602                            .dwcfi  undefined, 127
     603                            .dwcfi  undefined, 128
     604                            .dwcfi  undefined, 129
     605                            .dwcfi  undefined, 130
TMS320C6x Assembler PC v7.4.18 Tue Dec 05 09:15:55 2017

Tools Copyright (c) 1996-2015 Texas Instruments Incorporated
C:\Users\Pc\AppData\Local\Temp\0425210                               PAGE   12

     606                            .dwcfi  undefined, 131
     607                            .dwcfi  undefined, 132
     608                            .dwcfi  undefined, 133
     609                            .dwcfi  undefined, 134
     610                            .dwcfi  undefined, 135
     611                            .dwcfi  undefined, 136
     612                            .dwcfi  undefined, 137
     613                            .dwcfi  undefined, 138
     614                            .dwcfi  undefined, 139
     615                            .dwcfi  undefined, 140
     616                            .dwcfi  undefined, 141
     617                            .dwcfi  undefined, 142
     618                            .dwcfi  undefined, 143
     619                            .dwcfi  undefined, 144
     620                            .dwcfi  undefined, 145
     621                            .dwcfi  undefined, 146
     622                            .dwcfi  undefined, 147
     623                            .dwcfi  undefined, 148
     624                            .dwcfi  undefined, 149
     625                            .dwcfi  undefined, 150
     626                            .dwcfi  undefined, 151
     627                            .dwcfi  undefined, 152
     628                            .dwcfi  undefined, 153
     629                            .dwcfi  undefined, 154
     630                            .dwcfi  undefined, 155
     631                            .dwcfi  undefined, 156
     632                            .dwcfi  undefined, 157
     633                            .dwcfi  undefined, 158
     634                            .dwcfi  undefined, 159
     635                            .dwcfi  undefined, 160
     636                            .dwcfi  undefined, 161
     637                            .dwcfi  undefined, 162
     638                            .dwcfi  undefined, 163
     639                            .dwcfi  undefined, 164
     640                            .dwcfi  undefined, 165
     641                            .dwcfi  undefined, 166
     642                            .dwcfi  undefined, 167
     643                            .dwcfi  undefined, 168
     644                            .dwcfi  undefined, 169
     645                            .dwcfi  undefined, 170
     646                            .dwcfi  undefined, 171
     647                            .dwcfi  undefined, 172
     648                            .dwcfi  undefined, 173
     649                            .dwcfi  undefined, 174
     650                            .dwcfi  undefined, 175
     651                            .dwcfi  undefined, 176
     652                            .dwcfi  undefined, 177
     653                            .dwcfi  undefined, 178
     654                            .dwcfi  undefined, 179
     655                            .dwcfi  undefined, 180
     656                            .dwcfi  undefined, 181
     657                            .dwcfi  undefined, 182
     658                            .dwcfi  undefined, 183
     659                            .dwcfi  undefined, 184
     660                            .dwcfi  undefined, 185
TMS320C6x Assembler PC v7.4.18 Tue Dec 05 09:15:55 2017

Tools Copyright (c) 1996-2015 Texas Instruments Incorporated
C:\Users\Pc\AppData\Local\Temp\0425210                               PAGE   13

     661                            .dwcfi  undefined, 186
     662                            .dwcfi  undefined, 187
     663                            .dwcfi  undefined, 188
     664                            .dwcfi  undefined, 189
     665                            .dwcfi  undefined, 190
     666                            .dwcfi  undefined, 191
     667                            .dwcfi  undefined, 192
     668                            .dwcfi  undefined, 193
     669                            .dwcfi  undefined, 194
     670                            .dwcfi  undefined, 195
     671                            .dwcfi  undefined, 196
     672                            .dwcfi  undefined, 197
     673                            .dwcfi  undefined, 198
     674                            .dwcfi  undefined, 199
     675                            .dwcfi  undefined, 200
     676                            .dwcfi  undefined, 201
     677                            .dwcfi  undefined, 202
     678                            .dwcfi  undefined, 203
     679                            .dwcfi  undefined, 204
     680                            .dwcfi  undefined, 205
     681                            .dwcfi  undefined, 206
     682                            .dwcfi  undefined, 207
     683                            .dwcfi  undefined, 208
     684                            .dwcfi  undefined, 209
     685                            .dwcfi  undefined, 210
     686                            .dwcfi  undefined, 211
     687                            .dwcfi  undefined, 212
     688                            .dwcfi  undefined, 213
     689                            .dwcfi  undefined, 214
     690                            .dwcfi  undefined, 215
     691                            .dwcfi  undefined, 216
     692                            .dwcfi  undefined, 217
     693                            .dwcfi  undefined, 218
     694                            .dwcfi  undefined, 219
     695                            .dwcfi  undefined, 220
     696                            .dwcfi  undefined, 221
     697                            .dwcfi  undefined, 222
     698                            .dwcfi  undefined, 223
     699                            .dwcfi  undefined, 224
     700                            .dwcfi  undefined, 225
     701                            .dwcfi  undefined, 226
     702                            .dwcfi  undefined, 227
     703                            .dwcfi  undefined, 228
     704                            .dwendentry
     705                    
     706                    ;***************************************************************
     707                    ;* DWARF REGISTER MAP                                          *
     708                    ;***************************************************************
     709                    
     710                    $C$DW$18        .dwtag  DW_TAG_TI_assign_register, DW_AT_name("A0")
     711                            .dwattr $C$DW$18, DW_AT_location[DW_OP_reg0]
     712                    $C$DW$19        .dwtag  DW_TAG_TI_assign_register, DW_AT_name("A1")
     713                            .dwattr $C$DW$19, DW_AT_location[DW_OP_reg1]
     714                    $C$DW$20        .dwtag  DW_TAG_TI_assign_register, DW_AT_name("A2")
     715                            .dwattr $C$DW$20, DW_AT_location[DW_OP_reg2]
TMS320C6x Assembler PC v7.4.18 Tue Dec 05 09:15:55 2017

Tools Copyright (c) 1996-2015 Texas Instruments Incorporated
C:\Users\Pc\AppData\Local\Temp\0425210                               PAGE   14

     716                    $C$DW$21        .dwtag  DW_TAG_TI_assign_register, DW_AT_name("A3")
     717                            .dwattr $C$DW$21, DW_AT_location[DW_OP_reg3]
     718                    $C$DW$22        .dwtag  DW_TAG_TI_assign_register, DW_AT_name("A4")
     719                            .dwattr $C$DW$22, DW_AT_location[DW_OP_reg4]
     720                    $C$DW$23        .dwtag  DW_TAG_TI_assign_register, DW_AT_name("A5")
     721                            .dwattr $C$DW$23, DW_AT_location[DW_OP_reg5]
     722                    $C$DW$24        .dwtag  DW_TAG_TI_assign_register, DW_AT_name("A6")
     723                            .dwattr $C$DW$24, DW_AT_location[DW_OP_reg6]
     724                    $C$DW$25        .dwtag  DW_TAG_TI_assign_register, DW_AT_name("A7")
     725                            .dwattr $C$DW$25, DW_AT_location[DW_OP_reg7]
     726                    $C$DW$26        .dwtag  DW_TAG_TI_assign_register, DW_AT_name("A8")
     727                            .dwattr $C$DW$26, DW_AT_location[DW_OP_reg8]
     728                    $C$DW$27        .dwtag  DW_TAG_TI_assign_register, DW_AT_name("A9")
     729                            .dwattr $C$DW$27, DW_AT_location[DW_OP_reg9]
     730                    $C$DW$28        .dwtag  DW_TAG_TI_assign_register, DW_AT_name("A10")
     731                            .dwattr $C$DW$28, DW_AT_location[DW_OP_reg10]
     732                    $C$DW$29        .dwtag  DW_TAG_TI_assign_register, DW_AT_name("A11")
     733                            .dwattr $C$DW$29, DW_AT_location[DW_OP_reg11]
     734                    $C$DW$30        .dwtag  DW_TAG_TI_assign_register, DW_AT_name("A12")
     735                            .dwattr $C$DW$30, DW_AT_location[DW_OP_reg12]
     736                    $C$DW$31        .dwtag  DW_TAG_TI_assign_register, DW_AT_name("A13")
     737                            .dwattr $C$DW$31, DW_AT_location[DW_OP_reg13]
     738                    $C$DW$32        .dwtag  DW_TAG_TI_assign_register, DW_AT_name("A14")
     739                            .dwattr $C$DW$32, DW_AT_location[DW_OP_reg14]
     740                    $C$DW$33        .dwtag  DW_TAG_TI_assign_register, DW_AT_name("A15")
     741                            .dwattr $C$DW$33, DW_AT_location[DW_OP_reg15]
     742                    $C$DW$34        .dwtag  DW_TAG_TI_assign_register, DW_AT_name("B0")
     743                            .dwattr $C$DW$34, DW_AT_location[DW_OP_reg16]
     744                    $C$DW$35        .dwtag  DW_TAG_TI_assign_register, DW_AT_name("B1")
     745                            .dwattr $C$DW$35, DW_AT_location[DW_OP_reg17]
     746                    $C$DW$36        .dwtag  DW_TAG_TI_assign_register, DW_AT_name("B2")
     747                            .dwattr $C$DW$36, DW_AT_location[DW_OP_reg18]
     748                    $C$DW$37        .dwtag  DW_TAG_TI_assign_register, DW_AT_name("B3")
     749                            .dwattr $C$DW$37, DW_AT_location[DW_OP_reg19]
     750                    $C$DW$38        .dwtag  DW_TAG_TI_assign_register, DW_AT_name("B4")
     751                            .dwattr $C$DW$38, DW_AT_location[DW_OP_reg20]
     752                    $C$DW$39        .dwtag  DW_TAG_TI_assign_register, DW_AT_name("B5")
     753                            .dwattr $C$DW$39, DW_AT_location[DW_OP_reg21]
     754                    $C$DW$40        .dwtag  DW_TAG_TI_assign_register, DW_AT_name("B6")
     755                            .dwattr $C$DW$40, DW_AT_location[DW_OP_reg22]
     756                    $C$DW$41        .dwtag  DW_TAG_TI_assign_register, DW_AT_name("B7")
     757                            .dwattr $C$DW$41, DW_AT_location[DW_OP_reg23]
     758                    $C$DW$42        .dwtag  DW_TAG_TI_assign_register, DW_AT_name("B8")
     759                            .dwattr $C$DW$42, DW_AT_location[DW_OP_reg24]
     760                    $C$DW$43        .dwtag  DW_TAG_TI_assign_register, DW_AT_name("B9")
     761                            .dwattr $C$DW$43, DW_AT_location[DW_OP_reg25]
     762                    $C$DW$44        .dwtag  DW_TAG_TI_assign_register, DW_AT_name("B10")
     763                            .dwattr $C$DW$44, DW_AT_location[DW_OP_reg26]
     764                    $C$DW$45        .dwtag  DW_TAG_TI_assign_register, DW_AT_name("B11")
     765                            .dwattr $C$DW$45, DW_AT_location[DW_OP_reg27]
     766                    $C$DW$46        .dwtag  DW_TAG_TI_assign_register, DW_AT_name("B12")
     767                            .dwattr $C$DW$46, DW_AT_location[DW_OP_reg28]
     768                    $C$DW$47        .dwtag  DW_TAG_TI_assign_register, DW_AT_name("B13")
     769                            .dwattr $C$DW$47, DW_AT_location[DW_OP_reg29]
     770                    $C$DW$48        .dwtag  DW_TAG_TI_assign_register, DW_AT_name("DP")
TMS320C6x Assembler PC v7.4.18 Tue Dec 05 09:15:55 2017

Tools Copyright (c) 1996-2015 Texas Instruments Incorporated
C:\Users\Pc\AppData\Local\Temp\0425210                               PAGE   15

     771                            .dwattr $C$DW$48, DW_AT_location[DW_OP_reg30]
     772                    $C$DW$49        .dwtag  DW_TAG_TI_assign_register, DW_AT_name("SP")
     773                            .dwattr $C$DW$49, DW_AT_location[DW_OP_reg31]
     774                    $C$DW$50        .dwtag  DW_TAG_TI_assign_register, DW_AT_name("FP")
     775                            .dwattr $C$DW$50, DW_AT_location[DW_OP_regx 0x20]
     776                    $C$DW$51        .dwtag  DW_TAG_TI_assign_register, DW_AT_name("PC")
     777                            .dwattr $C$DW$51, DW_AT_location[DW_OP_regx 0x21]
     778                    $C$DW$52        .dwtag  DW_TAG_TI_assign_register, DW_AT_name("IRP")
     779                            .dwattr $C$DW$52, DW_AT_location[DW_OP_regx 0x22]
     780                    $C$DW$53        .dwtag  DW_TAG_TI_assign_register, DW_AT_name("IFR")
     781                            .dwattr $C$DW$53, DW_AT_location[DW_OP_regx 0x23]
     782                    $C$DW$54        .dwtag  DW_TAG_TI_assign_register, DW_AT_name("NRP")
     783                            .dwattr $C$DW$54, DW_AT_location[DW_OP_regx 0x24]
     784                    $C$DW$55        .dwtag  DW_TAG_TI_assign_register, DW_AT_name("A16")
     785                            .dwattr $C$DW$55, DW_AT_location[DW_OP_regx 0x25]
     786                    $C$DW$56        .dwtag  DW_TAG_TI_assign_register, DW_AT_name("A17")
     787                            .dwattr $C$DW$56, DW_AT_location[DW_OP_regx 0x26]
     788                    $C$DW$57        .dwtag  DW_TAG_TI_assign_register, DW_AT_name("A18")
     789                            .dwattr $C$DW$57, DW_AT_location[DW_OP_regx 0x27]
     790                    $C$DW$58        .dwtag  DW_TAG_TI_assign_register, DW_AT_name("A19")
     791                            .dwattr $C$DW$58, DW_AT_location[DW_OP_regx 0x28]
     792                    $C$DW$59        .dwtag  DW_TAG_TI_assign_register, DW_AT_name("A20")
     793                            .dwattr $C$DW$59, DW_AT_location[DW_OP_regx 0x29]
     794                    $C$DW$60        .dwtag  DW_TAG_TI_assign_register, DW_AT_name("A21")
     795                            .dwattr $C$DW$60, DW_AT_location[DW_OP_regx 0x2a]
     796                    $C$DW$61        .dwtag  DW_TAG_TI_assign_register, DW_AT_name("A22")
     797                            .dwattr $C$DW$61, DW_AT_location[DW_OP_regx 0x2b]
     798                    $C$DW$62        .dwtag  DW_TAG_TI_assign_register, DW_AT_name("A23")
     799                            .dwattr $C$DW$62, DW_AT_location[DW_OP_regx 0x2c]
     800                    $C$DW$63        .dwtag  DW_TAG_TI_assign_register, DW_AT_name("A24")
     801                            .dwattr $C$DW$63, DW_AT_location[DW_OP_regx 0x2d]
     802                    $C$DW$64        .dwtag  DW_TAG_TI_assign_register, DW_AT_name("A25")
     803                            .dwattr $C$DW$64, DW_AT_location[DW_OP_regx 0x2e]
     804                    $C$DW$65        .dwtag  DW_TAG_TI_assign_register, DW_AT_name("A26")
     805                            .dwattr $C$DW$65, DW_AT_location[DW_OP_regx 0x2f]
     806                    $C$DW$66        .dwtag  DW_TAG_TI_assign_register, DW_AT_name("A27")
     807                            .dwattr $C$DW$66, DW_AT_location[DW_OP_regx 0x30]
     808                    $C$DW$67        .dwtag  DW_TAG_TI_assign_register, DW_AT_name("A28")
     809                            .dwattr $C$DW$67, DW_AT_location[DW_OP_regx 0x31]
     810                    $C$DW$68        .dwtag  DW_TAG_TI_assign_register, DW_AT_name("A29")
     811                            .dwattr $C$DW$68, DW_AT_location[DW_OP_regx 0x32]
     812                    $C$DW$69        .dwtag  DW_TAG_TI_assign_register, DW_AT_name("A30")
     813                            .dwattr $C$DW$69, DW_AT_location[DW_OP_regx 0x33]
     814                    $C$DW$70        .dwtag  DW_TAG_TI_assign_register, DW_AT_name("A31")
     815                            .dwattr $C$DW$70, DW_AT_location[DW_OP_regx 0x34]
     816                    $C$DW$71        .dwtag  DW_TAG_TI_assign_register, DW_AT_name("B16")
     817                            .dwattr $C$DW$71, DW_AT_location[DW_OP_regx 0x35]
     818                    $C$DW$72        .dwtag  DW_TAG_TI_assign_register, DW_AT_name("B17")
     819                            .dwattr $C$DW$72, DW_AT_location[DW_OP_regx 0x36]
     820                    $C$DW$73        .dwtag  DW_TAG_TI_assign_register, DW_AT_name("B18")
     821                            .dwattr $C$DW$73, DW_AT_location[DW_OP_regx 0x37]
     822                    $C$DW$74        .dwtag  DW_TAG_TI_assign_register, DW_AT_name("B19")
     823                            .dwattr $C$DW$74, DW_AT_location[DW_OP_regx 0x38]
     824                    $C$DW$75        .dwtag  DW_TAG_TI_assign_register, DW_AT_name("B20")
     825                            .dwattr $C$DW$75, DW_AT_location[DW_OP_regx 0x39]
TMS320C6x Assembler PC v7.4.18 Tue Dec 05 09:15:55 2017

Tools Copyright (c) 1996-2015 Texas Instruments Incorporated
C:\Users\Pc\AppData\Local\Temp\0425210                               PAGE   16

     826                    $C$DW$76        .dwtag  DW_TAG_TI_assign_register, DW_AT_name("B21")
     827                            .dwattr $C$DW$76, DW_AT_location[DW_OP_regx 0x3a]
     828                    $C$DW$77        .dwtag  DW_TAG_TI_assign_register, DW_AT_name("B22")
     829                            .dwattr $C$DW$77, DW_AT_location[DW_OP_regx 0x3b]
     830                    $C$DW$78        .dwtag  DW_TAG_TI_assign_register, DW_AT_name("B23")
     831                            .dwattr $C$DW$78, DW_AT_location[DW_OP_regx 0x3c]
     832                    $C$DW$79        .dwtag  DW_TAG_TI_assign_register, DW_AT_name("B24")
     833                            .dwattr $C$DW$79, DW_AT_location[DW_OP_regx 0x3d]
     834                    $C$DW$80        .dwtag  DW_TAG_TI_assign_register, DW_AT_name("B25")
     835                            .dwattr $C$DW$80, DW_AT_location[DW_OP_regx 0x3e]
     836                    $C$DW$81        .dwtag  DW_TAG_TI_assign_register, DW_AT_name("B26")
     837                            .dwattr $C$DW$81, DW_AT_location[DW_OP_regx 0x3f]
     838                    $C$DW$82        .dwtag  DW_TAG_TI_assign_register, DW_AT_name("B27")
     839                            .dwattr $C$DW$82, DW_AT_location[DW_OP_regx 0x40]
     840                    $C$DW$83        .dwtag  DW_TAG_TI_assign_register, DW_AT_name("B28")
     841                            .dwattr $C$DW$83, DW_AT_location[DW_OP_regx 0x41]
     842                    $C$DW$84        .dwtag  DW_TAG_TI_assign_register, DW_AT_name("B29")
     843                            .dwattr $C$DW$84, DW_AT_location[DW_OP_regx 0x42]
     844                    $C$DW$85        .dwtag  DW_TAG_TI_assign_register, DW_AT_name("B30")
     845                            .dwattr $C$DW$85, DW_AT_location[DW_OP_regx 0x43]
     846                    $C$DW$86        .dwtag  DW_TAG_TI_assign_register, DW_AT_name("B31")
     847                            .dwattr $C$DW$86, DW_AT_location[DW_OP_regx 0x44]
     848                    $C$DW$87        .dwtag  DW_TAG_TI_assign_register, DW_AT_name("AMR")
     849                            .dwattr $C$DW$87, DW_AT_location[DW_OP_regx 0x45]
     850                    $C$DW$88        .dwtag  DW_TAG_TI_assign_register, DW_AT_name("CSR")
     851                            .dwattr $C$DW$88, DW_AT_location[DW_OP_regx 0x46]
     852                    $C$DW$89        .dwtag  DW_TAG_TI_assign_register, DW_AT_name("ISR")
     853                            .dwattr $C$DW$89, DW_AT_location[DW_OP_regx 0x47]
     854                    $C$DW$90        .dwtag  DW_TAG_TI_assign_register, DW_AT_name("ICR")
     855                            .dwattr $C$DW$90, DW_AT_location[DW_OP_regx 0x48]
     856                    $C$DW$91        .dwtag  DW_TAG_TI_assign_register, DW_AT_name("IER")
     857                            .dwattr $C$DW$91, DW_AT_location[DW_OP_regx 0x49]
     858                    $C$DW$92        .dwtag  DW_TAG_TI_assign_register, DW_AT_name("ISTP")
     859                            .dwattr $C$DW$92, DW_AT_location[DW_OP_regx 0x4a]
     860                    $C$DW$93        .dwtag  DW_TAG_TI_assign_register, DW_AT_name("IN")
     861                            .dwattr $C$DW$93, DW_AT_location[DW_OP_regx 0x4b]
     862                    $C$DW$94        .dwtag  DW_TAG_TI_assign_register, DW_AT_name("OUT")
     863                            .dwattr $C$DW$94, DW_AT_location[DW_OP_regx 0x4c]
     864                    $C$DW$95        .dwtag  DW_TAG_TI_assign_register, DW_AT_name("ACR")
     865                            .dwattr $C$DW$95, DW_AT_location[DW_OP_regx 0x4d]
     866                    $C$DW$96        .dwtag  DW_TAG_TI_assign_register, DW_AT_name("ADR")
     867                            .dwattr $C$DW$96, DW_AT_location[DW_OP_regx 0x4e]
     868                    $C$DW$97        .dwtag  DW_TAG_TI_assign_register, DW_AT_name("FADCR")
     869                            .dwattr $C$DW$97, DW_AT_location[DW_OP_regx 0x4f]
     870                    $C$DW$98        .dwtag  DW_TAG_TI_assign_register, DW_AT_name("FAUCR")
     871                            .dwattr $C$DW$98, DW_AT_location[DW_OP_regx 0x50]
     872                    $C$DW$99        .dwtag  DW_TAG_TI_assign_register, DW_AT_name("FMCR")
     873                            .dwattr $C$DW$99, DW_AT_location[DW_OP_regx 0x51]
     874                    $C$DW$100       .dwtag  DW_TAG_TI_assign_register, DW_AT_name("GFPGFR")
     875                            .dwattr $C$DW$100, DW_AT_location[DW_OP_regx 0x52]
     876                    $C$DW$101       .dwtag  DW_TAG_TI_assign_register, DW_AT_name("DIER")
     877                            .dwattr $C$DW$101, DW_AT_location[DW_OP_regx 0x53]
     878                    $C$DW$102       .dwtag  DW_TAG_TI_assign_register, DW_AT_name("REP")
     879                            .dwattr $C$DW$102, DW_AT_location[DW_OP_regx 0x54]
     880                    $C$DW$103       .dwtag  DW_TAG_TI_assign_register, DW_AT_name("TSCL")
TMS320C6x Assembler PC v7.4.18 Tue Dec 05 09:15:55 2017

Tools Copyright (c) 1996-2015 Texas Instruments Incorporated
C:\Users\Pc\AppData\Local\Temp\0425210                               PAGE   17

     881                            .dwattr $C$DW$103, DW_AT_location[DW_OP_regx 0x55]
     882                    $C$DW$104       .dwtag  DW_TAG_TI_assign_register, DW_AT_name("TSCH")
     883                            .dwattr $C$DW$104, DW_AT_location[DW_OP_regx 0x56]
     884                    $C$DW$105       .dwtag  DW_TAG_TI_assign_register, DW_AT_name("ARP")
     885                            .dwattr $C$DW$105, DW_AT_location[DW_OP_regx 0x57]
     886                    $C$DW$106       .dwtag  DW_TAG_TI_assign_register, DW_AT_name("ILC")
     887                            .dwattr $C$DW$106, DW_AT_location[DW_OP_regx 0x58]
     888                    $C$DW$107       .dwtag  DW_TAG_TI_assign_register, DW_AT_name("RILC")
     889                            .dwattr $C$DW$107, DW_AT_location[DW_OP_regx 0x59]
     890                    $C$DW$108       .dwtag  DW_TAG_TI_assign_register, DW_AT_name("DNUM")
     891                            .dwattr $C$DW$108, DW_AT_location[DW_OP_regx 0x5a]
     892                    $C$DW$109       .dwtag  DW_TAG_TI_assign_register, DW_AT_name("SSR")
     893                            .dwattr $C$DW$109, DW_AT_location[DW_OP_regx 0x5b]
     894                    $C$DW$110       .dwtag  DW_TAG_TI_assign_register, DW_AT_name("GPLYA")
     895                            .dwattr $C$DW$110, DW_AT_location[DW_OP_regx 0x5c]
     896                    $C$DW$111       .dwtag  DW_TAG_TI_assign_register, DW_AT_name("GPLYB")
     897                            .dwattr $C$DW$111, DW_AT_location[DW_OP_regx 0x5d]
     898                    $C$DW$112       .dwtag  DW_TAG_TI_assign_register, DW_AT_name("TSR")
     899                            .dwattr $C$DW$112, DW_AT_location[DW_OP_regx 0x5e]
     900                    $C$DW$113       .dwtag  DW_TAG_TI_assign_register, DW_AT_name("ITSR")
     901                            .dwattr $C$DW$113, DW_AT_location[DW_OP_regx 0x5f]
     902                    $C$DW$114       .dwtag  DW_TAG_TI_assign_register, DW_AT_name("NTSR")
     903                            .dwattr $C$DW$114, DW_AT_location[DW_OP_regx 0x60]
     904                    $C$DW$115       .dwtag  DW_TAG_TI_assign_register, DW_AT_name("EFR")
     905                            .dwattr $C$DW$115, DW_AT_location[DW_OP_regx 0x61]
     906                    $C$DW$116       .dwtag  DW_TAG_TI_assign_register, DW_AT_name("ECR")
     907                            .dwattr $C$DW$116, DW_AT_location[DW_OP_regx 0x62]
     908                    $C$DW$117       .dwtag  DW_TAG_TI_assign_register, DW_AT_name("IERR")
     909                            .dwattr $C$DW$117, DW_AT_location[DW_OP_regx 0x63]
     910                    $C$DW$118       .dwtag  DW_TAG_TI_assign_register, DW_AT_name("DMSG")
     911                            .dwattr $C$DW$118, DW_AT_location[DW_OP_regx 0x64]
     912                    $C$DW$119       .dwtag  DW_TAG_TI_assign_register, DW_AT_name("CMSG")
     913                            .dwattr $C$DW$119, DW_AT_location[DW_OP_regx 0x65]
     914                    $C$DW$120       .dwtag  DW_TAG_TI_assign_register, DW_AT_name("DT_DMA_ADDR")
     915                            .dwattr $C$DW$120, DW_AT_location[DW_OP_regx 0x66]
     916                    $C$DW$121       .dwtag  DW_TAG_TI_assign_register, DW_AT_name("DT_DMA_DATA")
     917                            .dwattr $C$DW$121, DW_AT_location[DW_OP_regx 0x67]
     918                    $C$DW$122       .dwtag  DW_TAG_TI_assign_register, DW_AT_name("DT_DMA_CNTL")
     919                            .dwattr $C$DW$122, DW_AT_location[DW_OP_regx 0x68]
     920                    $C$DW$123       .dwtag  DW_TAG_TI_assign_register, DW_AT_name("TCU_CNTL")
     921                            .dwattr $C$DW$123, DW_AT_location[DW_OP_regx 0x69]
     922                    $C$DW$124       .dwtag  DW_TAG_TI_assign_register, DW_AT_name("RTDX_REC_CNTL")
     923                            .dwattr $C$DW$124, DW_AT_location[DW_OP_regx 0x6a]
     924                    $C$DW$125       .dwtag  DW_TAG_TI_assign_register, DW_AT_name("RTDX_XMT_CNTL")
     925                            .dwattr $C$DW$125, DW_AT_location[DW_OP_regx 0x6b]
     926                    $C$DW$126       .dwtag  DW_TAG_TI_assign_register, DW_AT_name("RTDX_CFG")
     927                            .dwattr $C$DW$126, DW_AT_location[DW_OP_regx 0x6c]
     928                    $C$DW$127       .dwtag  DW_TAG_TI_assign_register, DW_AT_name("RTDX_RDATA")
     929                            .dwattr $C$DW$127, DW_AT_location[DW_OP_regx 0x6d]
     930                    $C$DW$128       .dwtag  DW_TAG_TI_assign_register, DW_AT_name("RTDX_WDATA")
     931                            .dwattr $C$DW$128, DW_AT_location[DW_OP_regx 0x6e]
     932                    $C$DW$129       .dwtag  DW_TAG_TI_assign_register, DW_AT_name("RTDX_RADDR")
     933                            .dwattr $C$DW$129, DW_AT_location[DW_OP_regx 0x6f]
     934                    $C$DW$130       .dwtag  DW_TAG_TI_assign_register, DW_AT_name("RTDX_WADDR")
     935                            .dwattr $C$DW$130, DW_AT_location[DW_OP_regx 0x70]
TMS320C6x Assembler PC v7.4.18 Tue Dec 05 09:15:55 2017

Tools Copyright (c) 1996-2015 Texas Instruments Incorporated
C:\Users\Pc\AppData\Local\Temp\0425210                               PAGE   18

     936                    $C$DW$131       .dwtag  DW_TAG_TI_assign_register, DW_AT_name("MFREG0")
     937                            .dwattr $C$DW$131, DW_AT_location[DW_OP_regx 0x71]
     938                    $C$DW$132       .dwtag  DW_TAG_TI_assign_register, DW_AT_name("DBG_STAT")
     939                            .dwattr $C$DW$132, DW_AT_location[DW_OP_regx 0x72]
     940                    $C$DW$133       .dwtag  DW_TAG_TI_assign_register, DW_AT_name("BRK_EN")
     941                            .dwattr $C$DW$133, DW_AT_location[DW_OP_regx 0x73]
     942                    $C$DW$134       .dwtag  DW_TAG_TI_assign_register, DW_AT_name("HWBP0_CNT")
     943                            .dwattr $C$DW$134, DW_AT_location[DW_OP_regx 0x74]
     944                    $C$DW$135       .dwtag  DW_TAG_TI_assign_register, DW_AT_name("HWBP0")
     945                            .dwattr $C$DW$135, DW_AT_location[DW_OP_regx 0x75]
     946                    $C$DW$136       .dwtag  DW_TAG_TI_assign_register, DW_AT_name("HWBP1")
     947                            .dwattr $C$DW$136, DW_AT_location[DW_OP_regx 0x76]
     948                    $C$DW$137       .dwtag  DW_TAG_TI_assign_register, DW_AT_name("HWBP2")
     949                            .dwattr $C$DW$137, DW_AT_location[DW_OP_regx 0x77]
     950                    $C$DW$138       .dwtag  DW_TAG_TI_assign_register, DW_AT_name("HWBP3")
     951                            .dwattr $C$DW$138, DW_AT_location[DW_OP_regx 0x78]
     952                    $C$DW$139       .dwtag  DW_TAG_TI_assign_register, DW_AT_name("OVERLAY")
     953                            .dwattr $C$DW$139, DW_AT_location[DW_OP_regx 0x79]
     954                    $C$DW$140       .dwtag  DW_TAG_TI_assign_register, DW_AT_name("PC_PROF")
     955                            .dwattr $C$DW$140, DW_AT_location[DW_OP_regx 0x7a]
     956                    $C$DW$141       .dwtag  DW_TAG_TI_assign_register, DW_AT_name("ATSR")
     957                            .dwattr $C$DW$141, DW_AT_location[DW_OP_regx 0x7b]
     958                    $C$DW$142       .dwtag  DW_TAG_TI_assign_register, DW_AT_name("TRR")
     959                            .dwattr $C$DW$142, DW_AT_location[DW_OP_regx 0x7c]
     960                    $C$DW$143       .dwtag  DW_TAG_TI_assign_register, DW_AT_name("TCRR")
     961                            .dwattr $C$DW$143, DW_AT_location[DW_OP_regx 0x7d]
     962                    $C$DW$144       .dwtag  DW_TAG_TI_assign_register, DW_AT_name("DESR")
     963                            .dwattr $C$DW$144, DW_AT_location[DW_OP_regx 0x7e]
     964                    $C$DW$145       .dwtag  DW_TAG_TI_assign_register, DW_AT_name("DETR")
     965                            .dwattr $C$DW$145, DW_AT_location[DW_OP_regx 0x7f]
     966                    $C$DW$146       .dwtag  DW_TAG_TI_assign_register, DW_AT_name("CIE_RETA")
     967                            .dwattr $C$DW$146, DW_AT_location[DW_OP_regx 0xe4]
     968                            .dwendtag $C$DW$CU
     969                    

No Assembly Errors, No Assembly Warnings
