TMS320C6x Assembler PC v7.4.18 Tue Dec 05 10:24:52 2017

Tools Copyright (c) 1996-2015 Texas Instruments Incorporated
C:\Users\Pc\AppData\Local\Temp\0313610                               PAGE    1

       1                    ;******************************************************************************
       2                    ;* TMS320C6x C/C++ Codegen                                         PC v7.4.18 *
       3                    ;* Date/Time created: Tue Dec 05 10:24:52 2017                                *
       4                    ;******************************************************************************
       5                            .compiler_opts --abi=coffabi --c64p_l1d_workaround=default --endian=little --hll_source=on --l
       6                    
       7                    ;******************************************************************************
       8                    ;* GLOBAL FILE PARAMETERS                                                     *
       9                    ;*                                                                            *
      10                    ;*   Architecture      : TMS320C671x                                          *
      11                    ;*   Optimization      : Disabled                                             *
      12                    ;*   Optimizing for    : Compile time, Ease of Development                    *
      13                    ;*                       Based on options: no -o, no -ms                      *
      14                    ;*   Endian            : Little                                               *
      15                    ;*   Interrupt Thrshld : Disabled                                             *
      16                    ;*   Data Access Model : Far                                                  *
      17                    ;*   Pipelining        : Disabled                                             *
      18                    ;*   Memory Aliases    : Presume are aliases (pessimistic)                    *
      19                    ;*   Debug Info        : DWARF Debug                                          *
      20                    ;*                                                                            *
      21                    ;******************************************************************************
      22                    
      23                            .asg    A15, FP
      24                            .asg    B14, DP
      25                            .asg    B15, SP
      26                            .global $bss
      27                    
      28                    
      29                    $C$DW$CU        .dwtag  DW_TAG_compile_unit
      30                            .dwattr $C$DW$CU, DW_AT_name("../main.c")
      31                            .dwattr $C$DW$CU, DW_AT_producer("TMS320C6x C/C++ Codegen PC v7.4.18 Copyright (c) 1996-2015 T
      32                            .dwattr $C$DW$CU, DW_AT_TI_version(0x01)
      33                            .dwattr $C$DW$CU, DW_AT_comp_dir("E:\2017_Cours_TP_DSP_C6713\Workspace\TP1_GennSignaux\Debug")
      34                    ;*****************************************************************************
      35                    ;* CINIT RECORDS                                                             *
      36                    ;*****************************************************************************
      37 00000000                   .sect   ".cinit"
      38                            .align  8
      39 00000000 00000004          .field          4,32
      40 00000004 00000000-         .field          _fs+0,32
      41 00000008 00000001          .bits   1,32                    ; _fs @ 0
      42                    
      43 0000000c                   .sect   ".cinit"
      44                            .align  8
      45 00000010 00000080          .field          $C$IR_1,32
      46 00000014 00000004-         .field          _SinTable+0,32
      47 00000018 00000000          .bits   0,16                    ; _SinTable[0] @ 0
      48 00000018 01910000          .bits   401,16                  ; _SinTable[1] @ 16
      49 0000001c 0000031F          .bits   799,16                  ; _SinTable[2] @ 32
      50 0000001c 04A5031F          .bits   1189,16                 ; _SinTable[3] @ 48
      51 00000020 0000061F          .bits   1567,16                 ; _SinTable[4] @ 64
      52 00000020 078B061F          .bits   1931,16                 ; _SinTable[5] @ 80
      53 00000024 000008E4          .bits   2276,16                 ; _SinTable[6] @ 96
      54 00000024 0A2608E4          .bits   2598,16                 ; _SinTable[7] @ 112
      55 00000028 00000B50          .bits   2896,16                 ; _SinTable[8] @ 128
TMS320C6x Assembler PC v7.4.18 Tue Dec 05 10:24:52 2017

Tools Copyright (c) 1996-2015 Texas Instruments Incorporated
C:\Users\Pc\AppData\Local\Temp\0313610                               PAGE    2

      56 00000028 0C5E0B50          .bits   3166,16                 ; _SinTable[9] @ 144
      57 0000002c 00000D4E          .bits   3406,16                 ; _SinTable[10] @ 160
      58 0000002c 0E1C0D4E          .bits   3612,16                 ; _SinTable[11] @ 176
      59 00000030 00000EC8          .bits   3784,16                 ; _SinTable[12] @ 192
      60 00000030 0F500EC8          .bits   3920,16                 ; _SinTable[13] @ 208
      61 00000034 00000FB1          .bits   4017,16                 ; _SinTable[14] @ 224
      62 00000034 0FEC0FB1          .bits   4076,16                 ; _SinTable[15] @ 240
      63 00000038 00001000          .bits   4096,16                 ; _SinTable[16] @ 256
      64 00000038 0FEC1000          .bits   4076,16                 ; _SinTable[17] @ 272
      65 0000003c 00000FB1          .bits   4017,16                 ; _SinTable[18] @ 288
      66 0000003c 0F500FB1          .bits   3920,16                 ; _SinTable[19] @ 304
      67 00000040 00000EC8          .bits   3784,16                 ; _SinTable[20] @ 320
      68 00000040 0E1C0EC8          .bits   3612,16                 ; _SinTable[21] @ 336
      69 00000044 00000D4E          .bits   3406,16                 ; _SinTable[22] @ 352
      70 00000044 0C5E0D4E          .bits   3166,16                 ; _SinTable[23] @ 368
      71 00000048 00000B50          .bits   2896,16                 ; _SinTable[24] @ 384
      72 00000048 0A260B50          .bits   2598,16                 ; _SinTable[25] @ 400
      73 0000004c 000008E4          .bits   2276,16                 ; _SinTable[26] @ 416
      74 0000004c 078B08E4          .bits   1931,16                 ; _SinTable[27] @ 432
      75 00000050 0000061F          .bits   1567,16                 ; _SinTable[28] @ 448
      76 00000050 04A5061F          .bits   1189,16                 ; _SinTable[29] @ 464
      77 00000054 0000031F          .bits   799,16                  ; _SinTable[30] @ 480
      78 00000054 0191031F          .bits   401,16                  ; _SinTable[31] @ 496
      79 00000058 00000000          .bits   0,16                    ; _SinTable[32] @ 512
      80 00000058 FE6F0000          .bits   65135,16                        ; _SinTable[33] @ 528
      81 0000005c 0000FCE1          .bits   64737,16                        ; _SinTable[34] @ 544
      82 0000005c FB5BFCE1          .bits   64347,16                        ; _SinTable[35] @ 560
      83 00000060 0000F9E1          .bits   63969,16                        ; _SinTable[36] @ 576
      84 00000060 F875F9E1          .bits   63605,16                        ; _SinTable[37] @ 592
      85 00000064 0000F71C          .bits   63260,16                        ; _SinTable[38] @ 608
      86 00000064 F5DAF71C          .bits   62938,16                        ; _SinTable[39] @ 624
      87 00000068 0000F4B0          .bits   62640,16                        ; _SinTable[40] @ 640
      88 00000068 F3A2F4B0          .bits   62370,16                        ; _SinTable[41] @ 656
      89 0000006c 0000F2B2          .bits   62130,16                        ; _SinTable[42] @ 672
      90 0000006c F1E4F2B2          .bits   61924,16                        ; _SinTable[43] @ 688
      91 00000070 0000F138          .bits   61752,16                        ; _SinTable[44] @ 704
      92 00000070 F0B0F138          .bits   61616,16                        ; _SinTable[45] @ 720
      93 00000074 0000F04F          .bits   61519,16                        ; _SinTable[46] @ 736
      94 00000074 F014F04F          .bits   61460,16                        ; _SinTable[47] @ 752
      95 00000078 0000F000          .bits   61440,16                        ; _SinTable[48] @ 768
      96 00000078 F014F000          .bits   61460,16                        ; _SinTable[49] @ 784
      97 0000007c 0000F04F          .bits   61519,16                        ; _SinTable[50] @ 800
      98 0000007c F0B0F04F          .bits   61616,16                        ; _SinTable[51] @ 816
      99 00000080 0000F138          .bits   61752,16                        ; _SinTable[52] @ 832
     100 00000080 F1E4F138          .bits   61924,16                        ; _SinTable[53] @ 848
     101 00000084 0000F2B2          .bits   62130,16                        ; _SinTable[54] @ 864
     102 00000084 F3A2F2B2          .bits   62370,16                        ; _SinTable[55] @ 880
     103 00000088 0000F4B0          .bits   62640,16                        ; _SinTable[56] @ 896
     104 00000088 F5DAF4B0          .bits   62938,16                        ; _SinTable[57] @ 912
     105 0000008c 0000F71C          .bits   63260,16                        ; _SinTable[58] @ 928
     106 0000008c F875F71C          .bits   63605,16                        ; _SinTable[59] @ 944
     107 00000090 0000F9E1          .bits   63969,16                        ; _SinTable[60] @ 960
     108 00000090 FB5BF9E1          .bits   64347,16                        ; _SinTable[61] @ 976
     109 00000094 0000FCE1          .bits   64737,16                        ; _SinTable[62] @ 992
     110 00000094 FE6FFCE1          .bits   65135,16                        ; _SinTable[63] @ 1008
TMS320C6x Assembler PC v7.4.18 Tue Dec 05 10:24:52 2017

Tools Copyright (c) 1996-2015 Texas Instruments Incorporated
C:\Users\Pc\AppData\Local\Temp\0313610                               PAGE    3

     111          00000080  $C$IR_1:        .set    128
     112                    
     113 00000098                   .sect   ".cinit"
     114                            .align  8
     115 00000098 00000004          .field          4,32
     116 0000009c 00000108-         .field          _i+0,32
     117 000000a0 00000000          .bits   0,32                    ; _i @ 0
     118                    
     119 000000a4                   .sect   ".cinit"
     120                            .align  8
     121 000000a8 00000004          .field          4,32
     122 000000ac 0000010C-         .field          _j+0,32
     123 000000b0 00000000          .bits   0,32                    ; _j @ 0
     124                    
     125 000000b4                   .sect   ".cinit"
     126                            .align  8
     127 000000b8 00000004          .field          4,32
     128 000000bc 00000110-         .field          _GAIN+0,32
     129 000000c0 00000001          .bits   1,32                    ; _GAIN @ 0
     130                    
     131 000000c4                   .sect   ".cinit"
     132                            .align  8
     133 000000c8 00000004          .field          4,32
     134 000000cc 00000114-         .field          _STEP+0,32
     135 000000d0 00000001          .bits   1,32                    ; _STEP @ 0
     136                    
     137                    
     138                    $C$DW$1 .dwtag  DW_TAG_subprogram, DW_AT_name("output_sample")
     139                            .dwattr $C$DW$1, DW_AT_TI_symbol_name("_output_sample")
     140                            .dwattr $C$DW$1, DW_AT_declaration
     141                            .dwattr $C$DW$1, DW_AT_external
     142                    $C$DW$2 .dwtag  DW_TAG_formal_parameter
     143                            .dwattr $C$DW$2, DW_AT_type(*$C$DW$T$10)
     144                            .dwendtag $C$DW$1
     145                    
     146                    
     147                    $C$DW$3 .dwtag  DW_TAG_subprogram, DW_AT_name("comm_intr")
     148                            .dwattr $C$DW$3, DW_AT_TI_symbol_name("_comm_intr")
     149                            .dwattr $C$DW$3, DW_AT_declaration
     150                            .dwattr $C$DW$3, DW_AT_external
     151                            .global _fs
     152 00000000           _fs:    .usect  ".far",4,4
     153                    $C$DW$4 .dwtag  DW_TAG_variable, DW_AT_name("fs")
     154                            .dwattr $C$DW$4, DW_AT_TI_symbol_name("_fs")
     155                            .dwattr $C$DW$4, DW_AT_location[DW_OP_addr _fs]
     156                            .dwattr $C$DW$4, DW_AT_type(*$C$DW$T$26)
     157                            .dwattr $C$DW$4, DW_AT_external
     158                            .global _SinTable
     159 00000004           _SinTable:      .usect  ".far",128,4
     160                    $C$DW$5 .dwtag  DW_TAG_variable, DW_AT_name("SinTable")
     161                            .dwattr $C$DW$5, DW_AT_TI_symbol_name("_SinTable")
     162                            .dwattr $C$DW$5, DW_AT_location[DW_OP_addr _SinTable]
     163                            .dwattr $C$DW$5, DW_AT_type(*$C$DW$T$23)
     164                            .dwattr $C$DW$5, DW_AT_external
     165                            .global _Xn
TMS320C6x Assembler PC v7.4.18 Tue Dec 05 10:24:52 2017

Tools Copyright (c) 1996-2015 Texas Instruments Incorporated
C:\Users\Pc\AppData\Local\Temp\0313610                               PAGE    4

     166 00000084           _Xn:    .usect  ".far",2,2
     167                    $C$DW$6 .dwtag  DW_TAG_variable, DW_AT_name("Xn")
     168                            .dwattr $C$DW$6, DW_AT_TI_symbol_name("_Xn")
     169                            .dwattr $C$DW$6, DW_AT_location[DW_OP_addr _Xn]
     170                            .dwattr $C$DW$6, DW_AT_type(*$C$DW$T$8)
     171                            .dwattr $C$DW$6, DW_AT_external
     172                            .global _XnBuffer
     173 00000088           _XnBuffer:      .usect  ".far",128,4
     174                    $C$DW$7 .dwtag  DW_TAG_variable, DW_AT_name("XnBuffer")
     175                            .dwattr $C$DW$7, DW_AT_TI_symbol_name("_XnBuffer")
     176                            .dwattr $C$DW$7, DW_AT_location[DW_OP_addr _XnBuffer]
     177                            .dwattr $C$DW$7, DW_AT_type(*$C$DW$T$23)
     178                            .dwattr $C$DW$7, DW_AT_external
     179                            .global _i
     180 00000108           _i:     .usect  ".far",4,4
     181                    $C$DW$8 .dwtag  DW_TAG_variable, DW_AT_name("i")
     182                            .dwattr $C$DW$8, DW_AT_TI_symbol_name("_i")
     183                            .dwattr $C$DW$8, DW_AT_location[DW_OP_addr _i]
     184                            .dwattr $C$DW$8, DW_AT_type(*$C$DW$T$11)
     185                            .dwattr $C$DW$8, DW_AT_external
     186                            .global _j
     187 0000010c           _j:     .usect  ".far",4,4
     188                    $C$DW$9 .dwtag  DW_TAG_variable, DW_AT_name("j")
     189                            .dwattr $C$DW$9, DW_AT_TI_symbol_name("_j")
     190                            .dwattr $C$DW$9, DW_AT_location[DW_OP_addr _j]
     191                            .dwattr $C$DW$9, DW_AT_type(*$C$DW$T$11)
     192                            .dwattr $C$DW$9, DW_AT_external
     193                            .global _GAIN
     194 00000110           _GAIN:  .usect  ".far",4,4
     195                    $C$DW$10        .dwtag  DW_TAG_variable, DW_AT_name("GAIN")
     196                            .dwattr $C$DW$10, DW_AT_TI_symbol_name("_GAIN")
     197                            .dwattr $C$DW$10, DW_AT_location[DW_OP_addr _GAIN]
     198                            .dwattr $C$DW$10, DW_AT_type(*$C$DW$T$11)
     199                            .dwattr $C$DW$10, DW_AT_external
     200                            .global _STEP
     201 00000114           _STEP:  .usect  ".far",4,4
     202                    $C$DW$11        .dwtag  DW_TAG_variable, DW_AT_name("STEP")
     203                            .dwattr $C$DW$11, DW_AT_TI_symbol_name("_STEP")
     204                            .dwattr $C$DW$11, DW_AT_location[DW_OP_addr _STEP]
     205                            .dwattr $C$DW$11, DW_AT_type(*$C$DW$T$11)
     206                            .dwattr $C$DW$11, DW_AT_external
     207                    ;       C:\ti\ccsv6\tools\compiler\c6000_7.4.18\bin\acp6x.exe -@C:\\Users\\Pc\\AppData\\Local\\Temp\\0
     208 00000000                   .sect   ".text:retain"
     209                            .retain
     210                            .retainrefs
     211                            .global _c_int11
     212                    
     213                    $C$DW$12        .dwtag  DW_TAG_subprogram, DW_AT_name("c_int11")
     214                            .dwattr $C$DW$12, DW_AT_low_pc(_c_int11)
     215                            .dwattr $C$DW$12, DW_AT_high_pc(0x00)
     216                            .dwattr $C$DW$12, DW_AT_TI_symbol_name("_c_int11")
     217                            .dwattr $C$DW$12, DW_AT_external
     218                            .dwattr $C$DW$12, DW_AT_TI_begin_file("../main.c")
     219                            .dwattr $C$DW$12, DW_AT_TI_begin_line(0x0f)
     220                            .dwattr $C$DW$12, DW_AT_TI_begin_column(0x10)
TMS320C6x Assembler PC v7.4.18 Tue Dec 05 10:24:52 2017

Tools Copyright (c) 1996-2015 Texas Instruments Incorporated
C:\Users\Pc\AppData\Local\Temp\0313610                               PAGE    5

     221                            .dwattr $C$DW$12, DW_AT_TI_interrupt
     222                            .dwattr $C$DW$12, DW_AT_TI_max_frame_size(0x50)
     223                            .dwpsn  file "../main.c",line 16,column 1,is_stmt,address _c_int11
     224                    
     225                            .dwfde $C$DW$CIE, _c_int11
     226                    
     227                    ;******************************************************************************
     228                    ;* FUNCTION NAME: c_int11                                                     *
     229                    ;*                                                                            *
     230                    ;*   Regs Modified     : A0,A1,A2,A3,A4,A5,A6,A7,A8,A9,B0,B1,B2,B3,B4,B5,B6,  *
     231                    ;*                           B7,B8,B9,SP                                      *
     232                    ;*   Regs Used         : A0,A1,A2,A3,A4,A5,A6,A7,A8,A9,B0,B1,B2,B3,B4,B5,B6,  *
     233                    ;*                           B7,B8,B9,DP,SP                                   *
     234                    ;*   Local Frame Size  : 0 Args + 0 Auto + 80 Save = 80 byte                  *
     235                    ;******************************************************************************
     236 00000000           _c_int11:
     237                    ;** --------------------------------------------------------------------------*
     238                            .dwcfi  cfa_offset, 0
     239                            .dwcfi  save_reg_to_reg, 228, 19
     240 00000000 04BE94F6             STW     .D2T2   B9,*SP--(80)      ; |16| 
     241                            .dwcfi  cfa_offset, 80
     242                            .dwcfi  save_reg_to_mem, 25, 0
     243 00000004 043E62F6             STW     .D2T2   B8,*+SP(76)       ; |16| 
     244                            .dwcfi  save_reg_to_mem, 24, -4
     245 00000008 03BE42F6             STW     .D2T2   B7,*+SP(72)       ; |16| 
     246                            .dwcfi  save_reg_to_mem, 23, -8
     247 0000000c 033E22F6             STW     .D2T2   B6,*+SP(68)       ; |16| 
     248                            .dwcfi  save_reg_to_mem, 22, -12
     249 00000010 02BE02F6             STW     .D2T2   B5,*+SP(64)       ; |16| 
     250                            .dwcfi  save_reg_to_mem, 21, -16
     251 00000014 023DE2F6             STW     .D2T2   B4,*+SP(60)       ; |16| 
     252                            .dwcfi  save_reg_to_mem, 20, -20
     253 00000018 01BDC2F6             STW     .D2T2   B3,*+SP(56)       ; |16| 
     254                            .dwcfi  save_reg_to_mem, 19, -24
     255 0000001c 013DA2F6             STW     .D2T2   B2,*+SP(52)       ; |16| 
     256                            .dwcfi  save_reg_to_mem, 18, -28
     257 00000020 00BD82F6             STW     .D2T2   B1,*+SP(48)       ; |16| 
     258                            .dwcfi  save_reg_to_mem, 17, -32
     259 00000024 003D62F6             STW     .D2T2   B0,*+SP(44)       ; |16| 
     260                            .dwcfi  save_reg_to_mem, 16, -36
     261 00000028 04BD42F4             STW     .D2T1   A9,*+SP(40)       ; |16| 
     262                            .dwcfi  save_reg_to_mem, 9, -40
     263 0000002c 043D22F4             STW     .D2T1   A8,*+SP(36)       ; |16| 
     264                            .dwcfi  save_reg_to_mem, 8, -44
     265 00000030 03BD02F4             STW     .D2T1   A7,*+SP(32)       ; |16| 
     266                            .dwcfi  save_reg_to_mem, 7, -48
     267 00000034 033CE2F4             STW     .D2T1   A6,*+SP(28)       ; |16| 
     268                            .dwcfi  save_reg_to_mem, 6, -52
     269 00000038 02BCC2F4             STW     .D2T1   A5,*+SP(24)       ; |16| 
     270                            .dwcfi  save_reg_to_mem, 5, -56
     271 0000003c 023CA2F4             STW     .D2T1   A4,*+SP(20)       ; |16| 
     272                            .dwcfi  save_reg_to_mem, 4, -60
     273 00000040 01BC82F4             STW     .D2T1   A3,*+SP(16)       ; |16| 
     274                            .dwcfi  save_reg_to_mem, 3, -64
     275 00000044 013C62F4             STW     .D2T1   A2,*+SP(12)       ; |16| 
TMS320C6x Assembler PC v7.4.18 Tue Dec 05 10:24:52 2017

Tools Copyright (c) 1996-2015 Texas Instruments Incorporated
C:\Users\Pc\AppData\Local\Temp\0313610                               PAGE    6

     276                            .dwcfi  save_reg_to_mem, 2, -68
     277 00000048 00BC42F4             STW     .D2T1   A1,*+SP(8)        ; |16| 
     278                            .dwcfi  save_reg_to_mem, 1, -72
     279 0000004c 003C22F4             STW     .D2T1   A0,*+SP(4)        ; |16| 
     280                            .dwcfi  save_reg_to_mem, 0, -76
     281                            .dwpsn  file "../main.c",line 17,column 2,is_stmt
     282 00000050 01808628-            MVKL    .S1     _j,A3
     283 00000054 01800068-            MVKH    .S1     _j,A3
     284 00000058 018C0264             LDW     .D1T1   *A3,A3            ; |17| 
     285 0000005c 0200882A-            MVKL    .S2     _GAIN,B4
     286 00000060 02000228-            MVKL    .S1     _SinTable,A4
     287 00000064 0200006A-            MVKH    .S2     _GAIN,B4
     288 00000068 02000068-            MVKH    .S1     _SinTable,A4
     289                    
     290 0000006c 01906A45             LDH     .D1T1   *+A4[A3],A3       ; |17| 
     291 00000070 021002E6  ||         LDW     .D2T2   *B4,B4            ; |17| 
     292                    
     293 00000074 00006000             NOP             4
     294 00000078 028C9202             MPYI    .M2X    A3,B4,B5          ; |17| 
     295 0000007c 0000A000             NOP             6
     296 00000080 0200422A-            MVKL    .S2     _Xn,B4
     297 00000084 0200006A-            MVKH    .S2     _Xn,B4
     298 00000088 029002D6             STH     .D2T2   B5,*B4            ; |17| 
     299                            .dwpsn  file "../main.c",line 18,column 2,is_stmt
     300                    
     301 0000008c 01808629-            MVKL    .S1     _j,A3
     302 00000090 02008A2A- ||         MVKL    .S2     _STEP,B4
     303                    
     304 00000094 0200006B-            MVKH    .S2     _STEP,B4
     305 00000098 01800068- ||         MVKH    .S1     _j,A3
     306                    
     307 000000a0 021002E7             LDW     .D2T2   *B4,B4            ; |18| 
     308 000000a4 020C0264  ||         LDW     .D1T1   *A3,A4            ; |18| 
     309                    
     310 000000a8 00006000             NOP             4
     311 000000ac 02109078             ADD     .L1X    B4,A4,A4          ; |18| 
     312 000000b0 02135A08             EXTU    .S1     A4,26,26,A4       ; |18| 
     313 000000b4 020C0274             STW     .D1T1   A4,*A3            ; |18| 
     314                            .dwpsn  file "../main.c",line 19,column 2,is_stmt
     315                    
     316 000000b8 0200842B-            MVKL    .S2     _i,B4
     317 000000bc 01804228- ||         MVKL    .S1     _Xn,A3
     318                    
     319 000000c0 01800069-            MVKH    .S1     _Xn,A3
     320 000000c4 0200006A- ||         MVKH    .S2     _i,B4
     321                    
     322 000000c8 018C0245             LDH     .D1T1   *A3,A3            ; |19| 
     323 000000cc 021002E6  ||         LDW     .D2T2   *B4,B4            ; |19| 
     324                    
     325 000000d0 0280442A-            MVKL    .S2     _XnBuffer,B5
     326 000000d4 0280006A-            MVKH    .S2     _XnBuffer,B5
     327 000000d8 00002000             NOP             2
     328 000000dc 01948AD4             STH     .D2T1   A3,*+B5[B4]       ; |19| 
     329                            .dwpsn  file "../main.c",line 20,column 2,is_stmt
     330 000000e0 01808428-            MVKL    .S1     _i,A3
TMS320C6x Assembler PC v7.4.18 Tue Dec 05 10:24:52 2017

Tools Copyright (c) 1996-2015 Texas Instruments Incorporated
C:\Users\Pc\AppData\Local\Temp\0313610                               PAGE    7

     331 000000e4 01800068-            MVKH    .S1     _i,A3
     332 000000e8 018C0264             LDW     .D1T1   *A3,A3            ; |20| 
     333 000000ec 0200842A-            MVKL    .S2     _i,B4
     334 000000f0 0200006A-            MVKH    .S2     _i,B4
     335 000000f4 00002000             NOP             2
     336 000000f8 018C2058             ADD     .L1     1,A3,A3           ; |20| 
     337 000000fc 018F5A08             EXTU    .S1     A3,26,26,A3       ; |20| 
     338 00000100 019002F4             STW     .D2T1   A3,*B4            ; |20| 
     339                            .dwpsn  file "../main.c",line 22,column 2,is_stmt
     340 00000104 0200422A-            MVKL    .S2     _Xn,B4
     341                    $C$DW$13        .dwtag  DW_TAG_TI_branch
     342                            .dwattr $C$DW$13, DW_AT_low_pc(0x04)
     343                            .dwattr $C$DW$13, DW_AT_name("_output_sample")
     344                            .dwattr $C$DW$13, DW_AT_TI_call
     345                    
     346 00000108 0200006B-            MVKH    .S2     _Xn,B4
     347 0000010c 0FFFE010! ||         CALL    .S1     _output_sample    ; |22| 
     348                    
     349 00000110 021002C4             LDH     .D2T1   *B4,A4            ; |22| 
     350 00000114 0180902A+            MVKL    .S2     $C$RL0,B3         ; |22| 
     351 00000118 0180006A+            MVKH    .S2     $C$RL0,B3         ; |22| 
     352 0000011c 00002000             NOP             2
     353 00000120           $C$RL0:    ; CALL OCCURS {_output_sample} {0}  ; |22| 
     354                            .dwpsn  file "../main.c",line 23,column 2,is_stmt
     355                            .dwpsn  file "../main.c",line 24,column 1,is_stmt
     356 00000120 043E62E6             LDW     .D2T2   *+SP(76),B8       ; |24| 
     357 00000124 00006000             NOP             4
     358                            .dwcfi  restore_reg, 24
     359 00000128 03BE42E6             LDW     .D2T2   *+SP(72),B7       ; |24| 
     360 0000012c 00006000             NOP             4
     361                            .dwcfi  restore_reg, 23
     362 00000130 033E22E6             LDW     .D2T2   *+SP(68),B6       ; |24| 
     363 00000134 00006000             NOP             4
     364                            .dwcfi  restore_reg, 22
     365 00000138 02BE02E6             LDW     .D2T2   *+SP(64),B5       ; |24| 
     366 0000013c 00006000             NOP             4
     367                            .dwcfi  restore_reg, 21
     368 00000140 023DE2E6             LDW     .D2T2   *+SP(60),B4       ; |24| 
     369 00000144 00006000             NOP             4
     370                            .dwcfi  restore_reg, 20
     371 00000148 01BDC2E6             LDW     .D2T2   *+SP(56),B3       ; |24| 
     372 0000014c 00006000             NOP             4
     373                            .dwcfi  restore_reg, 19
     374 00000150 013DA2E6             LDW     .D2T2   *+SP(52),B2       ; |24| 
     375 00000154 00006000             NOP             4
     376                            .dwcfi  restore_reg, 18
     377 00000158 00BD82E6             LDW     .D2T2   *+SP(48),B1       ; |24| 
     378 0000015c 00006000             NOP             4
     379                            .dwcfi  restore_reg, 17
     380 00000160 003D62E6             LDW     .D2T2   *+SP(44),B0       ; |24| 
     381 00000164 00006000             NOP             4
     382                            .dwcfi  restore_reg, 16
     383 00000168 04BD42E4             LDW     .D2T1   *+SP(40),A9       ; |24| 
     384 0000016c 00006000             NOP             4
     385                            .dwcfi  restore_reg, 9
TMS320C6x Assembler PC v7.4.18 Tue Dec 05 10:24:52 2017

Tools Copyright (c) 1996-2015 Texas Instruments Incorporated
C:\Users\Pc\AppData\Local\Temp\0313610                               PAGE    8

     386 00000170 043D22E4             LDW     .D2T1   *+SP(36),A8       ; |24| 
     387 00000174 00006000             NOP             4
     388                            .dwcfi  restore_reg, 8
     389 00000178 03BD02E4             LDW     .D2T1   *+SP(32),A7       ; |24| 
     390 0000017c 00006000             NOP             4
     391                            .dwcfi  restore_reg, 7
     392 00000180 033CE2E4             LDW     .D2T1   *+SP(28),A6       ; |24| 
     393 00000184 00006000             NOP             4
     394                            .dwcfi  restore_reg, 6
     395 00000188 02BCC2E4             LDW     .D2T1   *+SP(24),A5       ; |24| 
     396 0000018c 00006000             NOP             4
     397                            .dwcfi  restore_reg, 5
     398 00000190 023CA2E4             LDW     .D2T1   *+SP(20),A4       ; |24| 
     399 00000194 00006000             NOP             4
     400                            .dwcfi  restore_reg, 4
     401 00000198 01BC82E4             LDW     .D2T1   *+SP(16),A3       ; |24| 
     402 0000019c 00006000             NOP             4
     403                            .dwcfi  restore_reg, 3
     404 000001a0 013C62E4             LDW     .D2T1   *+SP(12),A2       ; |24| 
     405 000001a4 00006000             NOP             4
     406                            .dwcfi  restore_reg, 2
     407 000001a8 00BC42E4             LDW     .D2T1   *+SP(8),A1        ; |24| 
     408 000001ac 00006000             NOP             4
     409                            .dwcfi  restore_reg, 1
     410 000001b0 003C22E4             LDW     .D2T1   *+SP(4),A0        ; |24| 
     411 000001b4 00006000             NOP             4
     412                            .dwcfi  restore_reg, 0
     413 000001b8 04BE92E6             LDW     .D2T2   *++SP(80),B9      ; |24| 
     414 000001bc 00006000             NOP             4
     415                            .dwcfi  cfa_offset, 0
     416                            .dwcfi  restore_reg, 25
     417                            .dwcfi  cfa_offset, 0
     418                    $C$DW$14        .dwtag  DW_TAG_TI_branch
     419                            .dwattr $C$DW$14, DW_AT_low_pc(0x00)
     420                            .dwattr $C$DW$14, DW_AT_TI_return
     421 000001c0 001800E2             RET     .S2     IRP               ; |24| 
     422 000001c4 00008000             NOP             5
     423                               ; BRANCH OCCURS {IRP}             ; |24| 
     424                            .dwattr $C$DW$12, DW_AT_TI_end_file("../main.c")
     425                            .dwattr $C$DW$12, DW_AT_TI_end_line(0x18)
     426                            .dwattr $C$DW$12, DW_AT_TI_end_column(0x01)
     427                            .dwendentry
     428                            .dwendtag $C$DW$12
     429                    
     430 00000000                   .sect   ".text"
     431                            .clink
     432                            .global _main
     433                    
     434                    $C$DW$15        .dwtag  DW_TAG_subprogram, DW_AT_name("main")
     435                            .dwattr $C$DW$15, DW_AT_low_pc(_main)
     436                            .dwattr $C$DW$15, DW_AT_high_pc(0x00)
     437                            .dwattr $C$DW$15, DW_AT_TI_symbol_name("_main")
     438                            .dwattr $C$DW$15, DW_AT_external
     439                            .dwattr $C$DW$15, DW_AT_type(*$C$DW$T$10)
     440                            .dwattr $C$DW$15, DW_AT_TI_begin_file("../main.c")
TMS320C6x Assembler PC v7.4.18 Tue Dec 05 10:24:52 2017

Tools Copyright (c) 1996-2015 Texas Instruments Incorporated
C:\Users\Pc\AppData\Local\Temp\0313610                               PAGE    9

     441                            .dwattr $C$DW$15, DW_AT_TI_begin_line(0x1a)
     442                            .dwattr $C$DW$15, DW_AT_TI_begin_column(0x01)
     443                            .dwattr $C$DW$15, DW_AT_TI_max_frame_size(0x08)
     444                            .dwpsn  file "../main.c",line 27,column 1,is_stmt,address _main
     445                    
     446                            .dwfde $C$DW$CIE, _main
     447                    
     448                    ;******************************************************************************
     449                    ;* FUNCTION NAME: main                                                        *
     450                    ;*                                                                            *
     451                    ;*   Regs Modified     : A0,A1,A2,A3,A4,A5,A6,A7,A8,A9,B0,B1,B2,B3,B4,B5,B6,  *
     452                    ;*                           B7,B8,B9,SP                                      *
     453                    ;*   Regs Used         : A0,A1,A2,A3,A4,A5,A6,A7,A8,A9,B0,B1,B2,B3,B4,B5,B6,  *
     454                    ;*                           B7,B8,B9,DP,SP                                   *
     455                    ;*   Local Frame Size  : 0 Args + 0 Auto + 4 Save = 4 byte                    *
     456                    ;******************************************************************************
     457 00000000           _main:
     458                    ;** --------------------------------------------------------------------------*
     459                            .dwcfi  cfa_offset, 0
     460                            .dwcfi  save_reg_to_reg, 228, 19
     461 00000000 01BC54F6             STW     .D2T2   B3,*SP--(8)       ; |27| 
     462                            .dwcfi  cfa_offset, 8
     463                            .dwcfi  save_reg_to_mem, 19, 0
     464                            .dwpsn  file "../main.c",line 28,column 2,is_stmt
     465                    $C$DW$16        .dwtag  DW_TAG_TI_branch
     466                            .dwattr $C$DW$16, DW_AT_low_pc(0x00)
     467                            .dwattr $C$DW$16, DW_AT_name("_comm_intr")
     468                            .dwattr $C$DW$16, DW_AT_TI_call
     469 00000004 00000010!            CALL    .S1     _comm_intr        ; |28| 
     470 00000008 01800A2A'            MVKL    .S2     $C$RL1,B3         ; |28| 
     471 0000000c 0180006A'            MVKH    .S2     $C$RL1,B3         ; |28| 
     472 00000010 00004000             NOP             3
     473 00000014           $C$RL1:    ; CALL OCCURS {_comm_intr} {0}    ; |28| 
     474                            .dwpsn  file "../main.c",line 29,column 8,is_stmt
     475                    ;*----------------------------------------------------------------------------*
     476                    ;*   SOFTWARE PIPELINE INFORMATION
     477                    ;*      Disqualified loop: Software pipelining disabled
     478                    ;*      Disqualified loop: Bad loop structure
     479                    ;*----------------------------------------------------------------------------*
     480 00000014           $C$L1:    
     481 00000014           $C$DW$L$_main$2$B:
     482 00000014 00000290             B       .S1     $C$L1             ; |29| 
     483 00000018 00008000             NOP             5
     484                               ; BRANCH OCCURS {$C$L1}           ; |29| 
     485 0000001c           $C$DW$L$_main$2$E:
     486                    ;** --------------------------------------------------------------------------*
     487                            .dwcfi  cfa_offset, 0
     488                            .dwcfi  restore_reg, 19
     489                            .dwcfi  cfa_offset, 0
     490                    
     491                    $C$DW$17        .dwtag  DW_TAG_TI_loop
     492                            .dwattr $C$DW$17, DW_AT_name("C:\\Users\\Pc\\AppData\\Local\\Temp\\0313610:$C$L1:1:1512465892"
     493                            .dwattr $C$DW$17, DW_AT_TI_begin_file("../main.c")
     494                            .dwattr $C$DW$17, DW_AT_TI_begin_line(0x1d)
     495                            .dwattr $C$DW$17, DW_AT_TI_end_line(0x1d)
TMS320C6x Assembler PC v7.4.18 Tue Dec 05 10:24:52 2017

Tools Copyright (c) 1996-2015 Texas Instruments Incorporated
C:\Users\Pc\AppData\Local\Temp\0313610                               PAGE   10

     496                    $C$DW$18        .dwtag  DW_TAG_TI_loop_range
     497                            .dwattr $C$DW$18, DW_AT_low_pc($C$DW$L$_main$2$B)
     498                            .dwattr $C$DW$18, DW_AT_high_pc($C$DW$L$_main$2$E)
     499                            .dwendtag $C$DW$17
     500                    
     501                            .dwattr $C$DW$15, DW_AT_TI_end_file("../main.c")
     502                            .dwattr $C$DW$15, DW_AT_TI_end_line(0x1e)
     503                            .dwattr $C$DW$15, DW_AT_TI_end_column(0x01)
     504                            .dwendentry
     505                            .dwendtag $C$DW$15
     506                    
     507                    ;*****************************************************************************
     508                    ;* UNDEFINED EXTERNAL REFERENCES                                             *
     509                    ;*****************************************************************************
     510                            .global _output_sample
     511                            .global _comm_intr
     512                    
     513                    ;******************************************************************************
     514                    ;* BUILD ATTRIBUTES                                                           *
     515                    ;******************************************************************************
     516                            .battr "TI", Tag_File, 1, Tag_ABI_stack_align_needed(0)
     517                            .battr "TI", Tag_File, 1, Tag_ABI_stack_align_preserved(0)
     518                            .battr "TI", Tag_File, 1, Tag_Tramps_Use_SOC(0)
     519                    
     520                    ;******************************************************************************
     521                    ;* TYPE INFORMATION                                                           *
     522                    ;******************************************************************************
     523                    $C$DW$T$4       .dwtag  DW_TAG_base_type
     524                            .dwattr $C$DW$T$4, DW_AT_encoding(DW_ATE_boolean)
     525                            .dwattr $C$DW$T$4, DW_AT_name("bool")
     526                            .dwattr $C$DW$T$4, DW_AT_byte_size(0x01)
     527                    $C$DW$T$5       .dwtag  DW_TAG_base_type
     528                            .dwattr $C$DW$T$5, DW_AT_encoding(DW_ATE_signed_char)
     529                            .dwattr $C$DW$T$5, DW_AT_name("signed char")
     530                            .dwattr $C$DW$T$5, DW_AT_byte_size(0x01)
     531                    $C$DW$T$6       .dwtag  DW_TAG_base_type
     532                            .dwattr $C$DW$T$6, DW_AT_encoding(DW_ATE_unsigned_char)
     533                            .dwattr $C$DW$T$6, DW_AT_name("unsigned char")
     534                            .dwattr $C$DW$T$6, DW_AT_byte_size(0x01)
     535                    $C$DW$T$7       .dwtag  DW_TAG_base_type
     536                            .dwattr $C$DW$T$7, DW_AT_encoding(DW_ATE_signed_char)
     537                            .dwattr $C$DW$T$7, DW_AT_name("wchar_t")
     538                            .dwattr $C$DW$T$7, DW_AT_byte_size(0x02)
     539                    $C$DW$T$8       .dwtag  DW_TAG_base_type
     540                            .dwattr $C$DW$T$8, DW_AT_encoding(DW_ATE_signed)
     541                            .dwattr $C$DW$T$8, DW_AT_name("short")
     542                            .dwattr $C$DW$T$8, DW_AT_byte_size(0x02)
     543                    
     544                    $C$DW$T$23      .dwtag  DW_TAG_array_type
     545                            .dwattr $C$DW$T$23, DW_AT_type(*$C$DW$T$8)
     546                            .dwattr $C$DW$T$23, DW_AT_language(DW_LANG_C)
     547                            .dwattr $C$DW$T$23, DW_AT_byte_size(0x80)
     548                    $C$DW$19        .dwtag  DW_TAG_subrange_type
     549                            .dwattr $C$DW$19, DW_AT_upper_bound(0x3f)
     550                            .dwendtag $C$DW$T$23
TMS320C6x Assembler PC v7.4.18 Tue Dec 05 10:24:52 2017

Tools Copyright (c) 1996-2015 Texas Instruments Incorporated
C:\Users\Pc\AppData\Local\Temp\0313610                               PAGE   11

     551                    
     552                    $C$DW$T$9       .dwtag  DW_TAG_base_type
     553                            .dwattr $C$DW$T$9, DW_AT_encoding(DW_ATE_unsigned)
     554                            .dwattr $C$DW$T$9, DW_AT_name("unsigned short")
     555                            .dwattr $C$DW$T$9, DW_AT_byte_size(0x02)
     556                    $C$DW$T$10      .dwtag  DW_TAG_base_type
     557                            .dwattr $C$DW$T$10, DW_AT_encoding(DW_ATE_signed)
     558                            .dwattr $C$DW$T$10, DW_AT_name("int")
     559                            .dwattr $C$DW$T$10, DW_AT_byte_size(0x04)
     560                    $C$DW$T$11      .dwtag  DW_TAG_base_type
     561                            .dwattr $C$DW$T$11, DW_AT_encoding(DW_ATE_unsigned)
     562                            .dwattr $C$DW$T$11, DW_AT_name("unsigned int")
     563                            .dwattr $C$DW$T$11, DW_AT_byte_size(0x04)
     564                    $C$DW$T$26      .dwtag  DW_TAG_typedef, DW_AT_name("Uint32")
     565                            .dwattr $C$DW$T$26, DW_AT_type(*$C$DW$T$11)
     566                            .dwattr $C$DW$T$26, DW_AT_language(DW_LANG_C)
     567                    $C$DW$T$12      .dwtag  DW_TAG_base_type
     568                            .dwattr $C$DW$T$12, DW_AT_encoding(DW_ATE_signed)
     569                            .dwattr $C$DW$T$12, DW_AT_name("long")
     570                            .dwattr $C$DW$T$12, DW_AT_byte_size(0x08)
     571                            .dwattr $C$DW$T$12, DW_AT_bit_size(0x28)
     572                            .dwattr $C$DW$T$12, DW_AT_bit_offset(0x18)
     573                    $C$DW$T$13      .dwtag  DW_TAG_base_type
     574                            .dwattr $C$DW$T$13, DW_AT_encoding(DW_ATE_unsigned)
     575                            .dwattr $C$DW$T$13, DW_AT_name("unsigned long")
     576                            .dwattr $C$DW$T$13, DW_AT_byte_size(0x08)
     577                            .dwattr $C$DW$T$13, DW_AT_bit_size(0x28)
     578                            .dwattr $C$DW$T$13, DW_AT_bit_offset(0x18)
     579                    $C$DW$T$14      .dwtag  DW_TAG_base_type
     580                            .dwattr $C$DW$T$14, DW_AT_encoding(DW_ATE_signed)
     581                            .dwattr $C$DW$T$14, DW_AT_name("long long")
     582                            .dwattr $C$DW$T$14, DW_AT_byte_size(0x08)
     583                    $C$DW$T$15      .dwtag  DW_TAG_base_type
     584                            .dwattr $C$DW$T$15, DW_AT_encoding(DW_ATE_unsigned)
     585                            .dwattr $C$DW$T$15, DW_AT_name("unsigned long long")
     586                            .dwattr $C$DW$T$15, DW_AT_byte_size(0x08)
     587                    $C$DW$T$16      .dwtag  DW_TAG_base_type
     588                            .dwattr $C$DW$T$16, DW_AT_encoding(DW_ATE_float)
     589                            .dwattr $C$DW$T$16, DW_AT_name("float")
     590                            .dwattr $C$DW$T$16, DW_AT_byte_size(0x04)
     591                    $C$DW$T$17      .dwtag  DW_TAG_base_type
     592                            .dwattr $C$DW$T$17, DW_AT_encoding(DW_ATE_float)
     593                            .dwattr $C$DW$T$17, DW_AT_name("double")
     594                            .dwattr $C$DW$T$17, DW_AT_byte_size(0x08)
     595                    $C$DW$T$18      .dwtag  DW_TAG_base_type
     596                            .dwattr $C$DW$T$18, DW_AT_encoding(DW_ATE_float)
     597                            .dwattr $C$DW$T$18, DW_AT_name("long double")
     598                            .dwattr $C$DW$T$18, DW_AT_byte_size(0x08)
     599                            .dwattr $C$DW$CU, DW_AT_language(DW_LANG_C)
     600                    
     601                    ;***************************************************************
     602                    ;* DWARF CIE ENTRIES                                           *
     603                    ;***************************************************************
     604                    
     605                    $C$DW$CIE       .dwcie 228
TMS320C6x Assembler PC v7.4.18 Tue Dec 05 10:24:52 2017

Tools Copyright (c) 1996-2015 Texas Instruments Incorporated
C:\Users\Pc\AppData\Local\Temp\0313610                               PAGE   12

     606                            .dwcfi  cfa_register, 31
     607                            .dwcfi  cfa_offset, 0
     608                            .dwcfi  undefined, 0
     609                            .dwcfi  undefined, 1
     610                            .dwcfi  undefined, 2
     611                            .dwcfi  undefined, 3
     612                            .dwcfi  undefined, 4
     613                            .dwcfi  undefined, 5
     614                            .dwcfi  undefined, 6
     615                            .dwcfi  undefined, 7
     616                            .dwcfi  undefined, 8
     617                            .dwcfi  undefined, 9
     618                            .dwcfi  same_value, 10
     619                            .dwcfi  same_value, 11
     620                            .dwcfi  same_value, 12
     621                            .dwcfi  same_value, 13
     622                            .dwcfi  same_value, 14
     623                            .dwcfi  same_value, 15
     624                            .dwcfi  undefined, 16
     625                            .dwcfi  undefined, 17
     626                            .dwcfi  undefined, 18
     627                            .dwcfi  undefined, 19
     628                            .dwcfi  undefined, 20
     629                            .dwcfi  undefined, 21
     630                            .dwcfi  undefined, 22
     631                            .dwcfi  undefined, 23
     632                            .dwcfi  undefined, 24
     633                            .dwcfi  undefined, 25
     634                            .dwcfi  same_value, 26
     635                            .dwcfi  same_value, 27
     636                            .dwcfi  same_value, 28
     637                            .dwcfi  same_value, 29
     638                            .dwcfi  same_value, 30
     639                            .dwcfi  same_value, 31
     640                            .dwcfi  same_value, 32
     641                            .dwcfi  undefined, 33
     642                            .dwcfi  undefined, 34
     643                            .dwcfi  undefined, 35
     644                            .dwcfi  undefined, 36
     645                            .dwcfi  undefined, 37
     646                            .dwcfi  undefined, 38
     647                            .dwcfi  undefined, 39
     648                            .dwcfi  undefined, 40
     649                            .dwcfi  undefined, 41
     650                            .dwcfi  undefined, 42
     651                            .dwcfi  undefined, 43
     652                            .dwcfi  undefined, 44
     653                            .dwcfi  undefined, 45
     654                            .dwcfi  undefined, 46
     655                            .dwcfi  undefined, 47
     656                            .dwcfi  undefined, 48
     657                            .dwcfi  undefined, 49
     658                            .dwcfi  undefined, 50
     659                            .dwcfi  undefined, 51
     660                            .dwcfi  undefined, 52
TMS320C6x Assembler PC v7.4.18 Tue Dec 05 10:24:52 2017

Tools Copyright (c) 1996-2015 Texas Instruments Incorporated
C:\Users\Pc\AppData\Local\Temp\0313610                               PAGE   13

     661                            .dwcfi  undefined, 53
     662                            .dwcfi  undefined, 54
     663                            .dwcfi  undefined, 55
     664                            .dwcfi  undefined, 56
     665                            .dwcfi  undefined, 57
     666                            .dwcfi  undefined, 58
     667                            .dwcfi  undefined, 59
     668                            .dwcfi  undefined, 60
     669                            .dwcfi  undefined, 61
     670                            .dwcfi  undefined, 62
     671                            .dwcfi  undefined, 63
     672                            .dwcfi  undefined, 64
     673                            .dwcfi  undefined, 65
     674                            .dwcfi  undefined, 66
     675                            .dwcfi  undefined, 67
     676                            .dwcfi  undefined, 68
     677                            .dwcfi  undefined, 69
     678                            .dwcfi  undefined, 70
     679                            .dwcfi  undefined, 71
     680                            .dwcfi  undefined, 72
     681                            .dwcfi  undefined, 73
     682                            .dwcfi  undefined, 74
     683                            .dwcfi  undefined, 75
     684                            .dwcfi  undefined, 76
     685                            .dwcfi  undefined, 77
     686                            .dwcfi  undefined, 78
     687                            .dwcfi  undefined, 79
     688                            .dwcfi  undefined, 80
     689                            .dwcfi  undefined, 81
     690                            .dwcfi  undefined, 82
     691                            .dwcfi  undefined, 83
     692                            .dwcfi  undefined, 84
     693                            .dwcfi  undefined, 85
     694                            .dwcfi  undefined, 86
     695                            .dwcfi  undefined, 87
     696                            .dwcfi  undefined, 88
     697                            .dwcfi  undefined, 89
     698                            .dwcfi  undefined, 90
     699                            .dwcfi  undefined, 91
     700                            .dwcfi  undefined, 92
     701                            .dwcfi  undefined, 93
     702                            .dwcfi  undefined, 94
     703                            .dwcfi  undefined, 95
     704                            .dwcfi  undefined, 96
     705                            .dwcfi  undefined, 97
     706                            .dwcfi  undefined, 98
     707                            .dwcfi  undefined, 99
     708                            .dwcfi  undefined, 100
     709                            .dwcfi  undefined, 101
     710                            .dwcfi  undefined, 102
     711                            .dwcfi  undefined, 103
     712                            .dwcfi  undefined, 104
     713                            .dwcfi  undefined, 105
     714                            .dwcfi  undefined, 106
     715                            .dwcfi  undefined, 107
TMS320C6x Assembler PC v7.4.18 Tue Dec 05 10:24:52 2017

Tools Copyright (c) 1996-2015 Texas Instruments Incorporated
C:\Users\Pc\AppData\Local\Temp\0313610                               PAGE   14

     716                            .dwcfi  undefined, 108
     717                            .dwcfi  undefined, 109
     718                            .dwcfi  undefined, 110
     719                            .dwcfi  undefined, 111
     720                            .dwcfi  undefined, 112
     721                            .dwcfi  undefined, 113
     722                            .dwcfi  undefined, 114
     723                            .dwcfi  undefined, 115
     724                            .dwcfi  undefined, 116
     725                            .dwcfi  undefined, 117
     726                            .dwcfi  undefined, 118
     727                            .dwcfi  undefined, 119
     728                            .dwcfi  undefined, 120
     729                            .dwcfi  undefined, 121
     730                            .dwcfi  undefined, 122
     731                            .dwcfi  undefined, 123
     732                            .dwcfi  undefined, 124
     733                            .dwcfi  undefined, 125
     734                            .dwcfi  undefined, 126
     735                            .dwcfi  undefined, 127
     736                            .dwcfi  undefined, 128
     737                            .dwcfi  undefined, 129
     738                            .dwcfi  undefined, 130
     739                            .dwcfi  undefined, 131
     740                            .dwcfi  undefined, 132
     741                            .dwcfi  undefined, 133
     742                            .dwcfi  undefined, 134
     743                            .dwcfi  undefined, 135
     744                            .dwcfi  undefined, 136
     745                            .dwcfi  undefined, 137
     746                            .dwcfi  undefined, 138
     747                            .dwcfi  undefined, 139
     748                            .dwcfi  undefined, 140
     749                            .dwcfi  undefined, 141
     750                            .dwcfi  undefined, 142
     751                            .dwcfi  undefined, 143
     752                            .dwcfi  undefined, 144
     753                            .dwcfi  undefined, 145
     754                            .dwcfi  undefined, 146
     755                            .dwcfi  undefined, 147
     756                            .dwcfi  undefined, 148
     757                            .dwcfi  undefined, 149
     758                            .dwcfi  undefined, 150
     759                            .dwcfi  undefined, 151
     760                            .dwcfi  undefined, 152
     761                            .dwcfi  undefined, 153
     762                            .dwcfi  undefined, 154
     763                            .dwcfi  undefined, 155
     764                            .dwcfi  undefined, 156
     765                            .dwcfi  undefined, 157
     766                            .dwcfi  undefined, 158
     767                            .dwcfi  undefined, 159
     768                            .dwcfi  undefined, 160
     769                            .dwcfi  undefined, 161
     770                            .dwcfi  undefined, 162
TMS320C6x Assembler PC v7.4.18 Tue Dec 05 10:24:52 2017

Tools Copyright (c) 1996-2015 Texas Instruments Incorporated
C:\Users\Pc\AppData\Local\Temp\0313610                               PAGE   15

     771                            .dwcfi  undefined, 163
     772                            .dwcfi  undefined, 164
     773                            .dwcfi  undefined, 165
     774                            .dwcfi  undefined, 166
     775                            .dwcfi  undefined, 167
     776                            .dwcfi  undefined, 168
     777                            .dwcfi  undefined, 169
     778                            .dwcfi  undefined, 170
     779                            .dwcfi  undefined, 171
     780                            .dwcfi  undefined, 172
     781                            .dwcfi  undefined, 173
     782                            .dwcfi  undefined, 174
     783                            .dwcfi  undefined, 175
     784                            .dwcfi  undefined, 176
     785                            .dwcfi  undefined, 177
     786                            .dwcfi  undefined, 178
     787                            .dwcfi  undefined, 179
     788                            .dwcfi  undefined, 180
     789                            .dwcfi  undefined, 181
     790                            .dwcfi  undefined, 182
     791                            .dwcfi  undefined, 183
     792                            .dwcfi  undefined, 184
     793                            .dwcfi  undefined, 185
     794                            .dwcfi  undefined, 186
     795                            .dwcfi  undefined, 187
     796                            .dwcfi  undefined, 188
     797                            .dwcfi  undefined, 189
     798                            .dwcfi  undefined, 190
     799                            .dwcfi  undefined, 191
     800                            .dwcfi  undefined, 192
     801                            .dwcfi  undefined, 193
     802                            .dwcfi  undefined, 194
     803                            .dwcfi  undefined, 195
     804                            .dwcfi  undefined, 196
     805                            .dwcfi  undefined, 197
     806                            .dwcfi  undefined, 198
     807                            .dwcfi  undefined, 199
     808                            .dwcfi  undefined, 200
     809                            .dwcfi  undefined, 201
     810                            .dwcfi  undefined, 202
     811                            .dwcfi  undefined, 203
     812                            .dwcfi  undefined, 204
     813                            .dwcfi  undefined, 205
     814                            .dwcfi  undefined, 206
     815                            .dwcfi  undefined, 207
     816                            .dwcfi  undefined, 208
     817                            .dwcfi  undefined, 209
     818                            .dwcfi  undefined, 210
     819                            .dwcfi  undefined, 211
     820                            .dwcfi  undefined, 212
     821                            .dwcfi  undefined, 213
     822                            .dwcfi  undefined, 214
     823                            .dwcfi  undefined, 215
     824                            .dwcfi  undefined, 216
     825                            .dwcfi  undefined, 217
TMS320C6x Assembler PC v7.4.18 Tue Dec 05 10:24:52 2017

Tools Copyright (c) 1996-2015 Texas Instruments Incorporated
C:\Users\Pc\AppData\Local\Temp\0313610                               PAGE   16

     826                            .dwcfi  undefined, 218
     827                            .dwcfi  undefined, 219
     828                            .dwcfi  undefined, 220
     829                            .dwcfi  undefined, 221
     830                            .dwcfi  undefined, 222
     831                            .dwcfi  undefined, 223
     832                            .dwcfi  undefined, 224
     833                            .dwcfi  undefined, 225
     834                            .dwcfi  undefined, 226
     835                            .dwcfi  undefined, 227
     836                            .dwcfi  undefined, 228
     837                            .dwendentry
     838                    
     839                    ;***************************************************************
     840                    ;* DWARF REGISTER MAP                                          *
     841                    ;***************************************************************
     842                    
     843                    $C$DW$20        .dwtag  DW_TAG_TI_assign_register, DW_AT_name("A0")
     844                            .dwattr $C$DW$20, DW_AT_location[DW_OP_reg0]
     845                    $C$DW$21        .dwtag  DW_TAG_TI_assign_register, DW_AT_name("A1")
     846                            .dwattr $C$DW$21, DW_AT_location[DW_OP_reg1]
     847                    $C$DW$22        .dwtag  DW_TAG_TI_assign_register, DW_AT_name("A2")
     848                            .dwattr $C$DW$22, DW_AT_location[DW_OP_reg2]
     849                    $C$DW$23        .dwtag  DW_TAG_TI_assign_register, DW_AT_name("A3")
     850                            .dwattr $C$DW$23, DW_AT_location[DW_OP_reg3]
     851                    $C$DW$24        .dwtag  DW_TAG_TI_assign_register, DW_AT_name("A4")
     852                            .dwattr $C$DW$24, DW_AT_location[DW_OP_reg4]
     853                    $C$DW$25        .dwtag  DW_TAG_TI_assign_register, DW_AT_name("A5")
     854                            .dwattr $C$DW$25, DW_AT_location[DW_OP_reg5]
     855                    $C$DW$26        .dwtag  DW_TAG_TI_assign_register, DW_AT_name("A6")
     856                            .dwattr $C$DW$26, DW_AT_location[DW_OP_reg6]
     857                    $C$DW$27        .dwtag  DW_TAG_TI_assign_register, DW_AT_name("A7")
     858                            .dwattr $C$DW$27, DW_AT_location[DW_OP_reg7]
     859                    $C$DW$28        .dwtag  DW_TAG_TI_assign_register, DW_AT_name("A8")
     860                            .dwattr $C$DW$28, DW_AT_location[DW_OP_reg8]
     861                    $C$DW$29        .dwtag  DW_TAG_TI_assign_register, DW_AT_name("A9")
     862                            .dwattr $C$DW$29, DW_AT_location[DW_OP_reg9]
     863                    $C$DW$30        .dwtag  DW_TAG_TI_assign_register, DW_AT_name("A10")
     864                            .dwattr $C$DW$30, DW_AT_location[DW_OP_reg10]
     865                    $C$DW$31        .dwtag  DW_TAG_TI_assign_register, DW_AT_name("A11")
     866                            .dwattr $C$DW$31, DW_AT_location[DW_OP_reg11]
     867                    $C$DW$32        .dwtag  DW_TAG_TI_assign_register, DW_AT_name("A12")
     868                            .dwattr $C$DW$32, DW_AT_location[DW_OP_reg12]
     869                    $C$DW$33        .dwtag  DW_TAG_TI_assign_register, DW_AT_name("A13")
     870                            .dwattr $C$DW$33, DW_AT_location[DW_OP_reg13]
     871                    $C$DW$34        .dwtag  DW_TAG_TI_assign_register, DW_AT_name("A14")
     872                            .dwattr $C$DW$34, DW_AT_location[DW_OP_reg14]
     873                    $C$DW$35        .dwtag  DW_TAG_TI_assign_register, DW_AT_name("A15")
     874                            .dwattr $C$DW$35, DW_AT_location[DW_OP_reg15]
     875                    $C$DW$36        .dwtag  DW_TAG_TI_assign_register, DW_AT_name("B0")
     876                            .dwattr $C$DW$36, DW_AT_location[DW_OP_reg16]
     877                    $C$DW$37        .dwtag  DW_TAG_TI_assign_register, DW_AT_name("B1")
     878                            .dwattr $C$DW$37, DW_AT_location[DW_OP_reg17]
     879                    $C$DW$38        .dwtag  DW_TAG_TI_assign_register, DW_AT_name("B2")
     880                            .dwattr $C$DW$38, DW_AT_location[DW_OP_reg18]
TMS320C6x Assembler PC v7.4.18 Tue Dec 05 10:24:52 2017

Tools Copyright (c) 1996-2015 Texas Instruments Incorporated
C:\Users\Pc\AppData\Local\Temp\0313610                               PAGE   17

     881                    $C$DW$39        .dwtag  DW_TAG_TI_assign_register, DW_AT_name("B3")
     882                            .dwattr $C$DW$39, DW_AT_location[DW_OP_reg19]
     883                    $C$DW$40        .dwtag  DW_TAG_TI_assign_register, DW_AT_name("B4")
     884                            .dwattr $C$DW$40, DW_AT_location[DW_OP_reg20]
     885                    $C$DW$41        .dwtag  DW_TAG_TI_assign_register, DW_AT_name("B5")
     886                            .dwattr $C$DW$41, DW_AT_location[DW_OP_reg21]
     887                    $C$DW$42        .dwtag  DW_TAG_TI_assign_register, DW_AT_name("B6")
     888                            .dwattr $C$DW$42, DW_AT_location[DW_OP_reg22]
     889                    $C$DW$43        .dwtag  DW_TAG_TI_assign_register, DW_AT_name("B7")
     890                            .dwattr $C$DW$43, DW_AT_location[DW_OP_reg23]
     891                    $C$DW$44        .dwtag  DW_TAG_TI_assign_register, DW_AT_name("B8")
     892                            .dwattr $C$DW$44, DW_AT_location[DW_OP_reg24]
     893                    $C$DW$45        .dwtag  DW_TAG_TI_assign_register, DW_AT_name("B9")
     894                            .dwattr $C$DW$45, DW_AT_location[DW_OP_reg25]
     895                    $C$DW$46        .dwtag  DW_TAG_TI_assign_register, DW_AT_name("B10")
     896                            .dwattr $C$DW$46, DW_AT_location[DW_OP_reg26]
     897                    $C$DW$47        .dwtag  DW_TAG_TI_assign_register, DW_AT_name("B11")
     898                            .dwattr $C$DW$47, DW_AT_location[DW_OP_reg27]
     899                    $C$DW$48        .dwtag  DW_TAG_TI_assign_register, DW_AT_name("B12")
     900                            .dwattr $C$DW$48, DW_AT_location[DW_OP_reg28]
     901                    $C$DW$49        .dwtag  DW_TAG_TI_assign_register, DW_AT_name("B13")
     902                            .dwattr $C$DW$49, DW_AT_location[DW_OP_reg29]
     903                    $C$DW$50        .dwtag  DW_TAG_TI_assign_register, DW_AT_name("DP")
     904                            .dwattr $C$DW$50, DW_AT_location[DW_OP_reg30]
     905                    $C$DW$51        .dwtag  DW_TAG_TI_assign_register, DW_AT_name("SP")
     906                            .dwattr $C$DW$51, DW_AT_location[DW_OP_reg31]
     907                    $C$DW$52        .dwtag  DW_TAG_TI_assign_register, DW_AT_name("FP")
     908                            .dwattr $C$DW$52, DW_AT_location[DW_OP_regx 0x20]
     909                    $C$DW$53        .dwtag  DW_TAG_TI_assign_register, DW_AT_name("PC")
     910                            .dwattr $C$DW$53, DW_AT_location[DW_OP_regx 0x21]
     911                    $C$DW$54        .dwtag  DW_TAG_TI_assign_register, DW_AT_name("IRP")
     912                            .dwattr $C$DW$54, DW_AT_location[DW_OP_regx 0x22]
     913                    $C$DW$55        .dwtag  DW_TAG_TI_assign_register, DW_AT_name("IFR")
     914                            .dwattr $C$DW$55, DW_AT_location[DW_OP_regx 0x23]
     915                    $C$DW$56        .dwtag  DW_TAG_TI_assign_register, DW_AT_name("NRP")
     916                            .dwattr $C$DW$56, DW_AT_location[DW_OP_regx 0x24]
     917                    $C$DW$57        .dwtag  DW_TAG_TI_assign_register, DW_AT_name("A16")
     918                            .dwattr $C$DW$57, DW_AT_location[DW_OP_regx 0x25]
     919                    $C$DW$58        .dwtag  DW_TAG_TI_assign_register, DW_AT_name("A17")
     920                            .dwattr $C$DW$58, DW_AT_location[DW_OP_regx 0x26]
     921                    $C$DW$59        .dwtag  DW_TAG_TI_assign_register, DW_AT_name("A18")
     922                            .dwattr $C$DW$59, DW_AT_location[DW_OP_regx 0x27]
     923                    $C$DW$60        .dwtag  DW_TAG_TI_assign_register, DW_AT_name("A19")
     924                            .dwattr $C$DW$60, DW_AT_location[DW_OP_regx 0x28]
     925                    $C$DW$61        .dwtag  DW_TAG_TI_assign_register, DW_AT_name("A20")
     926                            .dwattr $C$DW$61, DW_AT_location[DW_OP_regx 0x29]
     927                    $C$DW$62        .dwtag  DW_TAG_TI_assign_register, DW_AT_name("A21")
     928                            .dwattr $C$DW$62, DW_AT_location[DW_OP_regx 0x2a]
     929                    $C$DW$63        .dwtag  DW_TAG_TI_assign_register, DW_AT_name("A22")
     930                            .dwattr $C$DW$63, DW_AT_location[DW_OP_regx 0x2b]
     931                    $C$DW$64        .dwtag  DW_TAG_TI_assign_register, DW_AT_name("A23")
     932                            .dwattr $C$DW$64, DW_AT_location[DW_OP_regx 0x2c]
     933                    $C$DW$65        .dwtag  DW_TAG_TI_assign_register, DW_AT_name("A24")
     934                            .dwattr $C$DW$65, DW_AT_location[DW_OP_regx 0x2d]
     935                    $C$DW$66        .dwtag  DW_TAG_TI_assign_register, DW_AT_name("A25")
TMS320C6x Assembler PC v7.4.18 Tue Dec 05 10:24:52 2017

Tools Copyright (c) 1996-2015 Texas Instruments Incorporated
C:\Users\Pc\AppData\Local\Temp\0313610                               PAGE   18

     936                            .dwattr $C$DW$66, DW_AT_location[DW_OP_regx 0x2e]
     937                    $C$DW$67        .dwtag  DW_TAG_TI_assign_register, DW_AT_name("A26")
     938                            .dwattr $C$DW$67, DW_AT_location[DW_OP_regx 0x2f]
     939                    $C$DW$68        .dwtag  DW_TAG_TI_assign_register, DW_AT_name("A27")
     940                            .dwattr $C$DW$68, DW_AT_location[DW_OP_regx 0x30]
     941                    $C$DW$69        .dwtag  DW_TAG_TI_assign_register, DW_AT_name("A28")
     942                            .dwattr $C$DW$69, DW_AT_location[DW_OP_regx 0x31]
     943                    $C$DW$70        .dwtag  DW_TAG_TI_assign_register, DW_AT_name("A29")
     944                            .dwattr $C$DW$70, DW_AT_location[DW_OP_regx 0x32]
     945                    $C$DW$71        .dwtag  DW_TAG_TI_assign_register, DW_AT_name("A30")
     946                            .dwattr $C$DW$71, DW_AT_location[DW_OP_regx 0x33]
     947                    $C$DW$72        .dwtag  DW_TAG_TI_assign_register, DW_AT_name("A31")
     948                            .dwattr $C$DW$72, DW_AT_location[DW_OP_regx 0x34]
     949                    $C$DW$73        .dwtag  DW_TAG_TI_assign_register, DW_AT_name("B16")
     950                            .dwattr $C$DW$73, DW_AT_location[DW_OP_regx 0x35]
     951                    $C$DW$74        .dwtag  DW_TAG_TI_assign_register, DW_AT_name("B17")
     952                            .dwattr $C$DW$74, DW_AT_location[DW_OP_regx 0x36]
     953                    $C$DW$75        .dwtag  DW_TAG_TI_assign_register, DW_AT_name("B18")
     954                            .dwattr $C$DW$75, DW_AT_location[DW_OP_regx 0x37]
     955                    $C$DW$76        .dwtag  DW_TAG_TI_assign_register, DW_AT_name("B19")
     956                            .dwattr $C$DW$76, DW_AT_location[DW_OP_regx 0x38]
     957                    $C$DW$77        .dwtag  DW_TAG_TI_assign_register, DW_AT_name("B20")
     958                            .dwattr $C$DW$77, DW_AT_location[DW_OP_regx 0x39]
     959                    $C$DW$78        .dwtag  DW_TAG_TI_assign_register, DW_AT_name("B21")
     960                            .dwattr $C$DW$78, DW_AT_location[DW_OP_regx 0x3a]
     961                    $C$DW$79        .dwtag  DW_TAG_TI_assign_register, DW_AT_name("B22")
     962                            .dwattr $C$DW$79, DW_AT_location[DW_OP_regx 0x3b]
     963                    $C$DW$80        .dwtag  DW_TAG_TI_assign_register, DW_AT_name("B23")
     964                            .dwattr $C$DW$80, DW_AT_location[DW_OP_regx 0x3c]
     965                    $C$DW$81        .dwtag  DW_TAG_TI_assign_register, DW_AT_name("B24")
     966                            .dwattr $C$DW$81, DW_AT_location[DW_OP_regx 0x3d]
     967                    $C$DW$82        .dwtag  DW_TAG_TI_assign_register, DW_AT_name("B25")
     968                            .dwattr $C$DW$82, DW_AT_location[DW_OP_regx 0x3e]
     969                    $C$DW$83        .dwtag  DW_TAG_TI_assign_register, DW_AT_name("B26")
     970                            .dwattr $C$DW$83, DW_AT_location[DW_OP_regx 0x3f]
     971                    $C$DW$84        .dwtag  DW_TAG_TI_assign_register, DW_AT_name("B27")
     972                            .dwattr $C$DW$84, DW_AT_location[DW_OP_regx 0x40]
     973                    $C$DW$85        .dwtag  DW_TAG_TI_assign_register, DW_AT_name("B28")
     974                            .dwattr $C$DW$85, DW_AT_location[DW_OP_regx 0x41]
     975                    $C$DW$86        .dwtag  DW_TAG_TI_assign_register, DW_AT_name("B29")
     976                            .dwattr $C$DW$86, DW_AT_location[DW_OP_regx 0x42]
     977                    $C$DW$87        .dwtag  DW_TAG_TI_assign_register, DW_AT_name("B30")
     978                            .dwattr $C$DW$87, DW_AT_location[DW_OP_regx 0x43]
     979                    $C$DW$88        .dwtag  DW_TAG_TI_assign_register, DW_AT_name("B31")
     980                            .dwattr $C$DW$88, DW_AT_location[DW_OP_regx 0x44]
     981                    $C$DW$89        .dwtag  DW_TAG_TI_assign_register, DW_AT_name("AMR")
     982                            .dwattr $C$DW$89, DW_AT_location[DW_OP_regx 0x45]
     983                    $C$DW$90        .dwtag  DW_TAG_TI_assign_register, DW_AT_name("CSR")
     984                            .dwattr $C$DW$90, DW_AT_location[DW_OP_regx 0x46]
     985                    $C$DW$91        .dwtag  DW_TAG_TI_assign_register, DW_AT_name("ISR")
     986                            .dwattr $C$DW$91, DW_AT_location[DW_OP_regx 0x47]
     987                    $C$DW$92        .dwtag  DW_TAG_TI_assign_register, DW_AT_name("ICR")
     988                            .dwattr $C$DW$92, DW_AT_location[DW_OP_regx 0x48]
     989                    $C$DW$93        .dwtag  DW_TAG_TI_assign_register, DW_AT_name("IER")
     990                            .dwattr $C$DW$93, DW_AT_location[DW_OP_regx 0x49]
TMS320C6x Assembler PC v7.4.18 Tue Dec 05 10:24:52 2017

Tools Copyright (c) 1996-2015 Texas Instruments Incorporated
C:\Users\Pc\AppData\Local\Temp\0313610                               PAGE   19

     991                    $C$DW$94        .dwtag  DW_TAG_TI_assign_register, DW_AT_name("ISTP")
     992                            .dwattr $C$DW$94, DW_AT_location[DW_OP_regx 0x4a]
     993                    $C$DW$95        .dwtag  DW_TAG_TI_assign_register, DW_AT_name("IN")
     994                            .dwattr $C$DW$95, DW_AT_location[DW_OP_regx 0x4b]
     995                    $C$DW$96        .dwtag  DW_TAG_TI_assign_register, DW_AT_name("OUT")
     996                            .dwattr $C$DW$96, DW_AT_location[DW_OP_regx 0x4c]
     997                    $C$DW$97        .dwtag  DW_TAG_TI_assign_register, DW_AT_name("ACR")
     998                            .dwattr $C$DW$97, DW_AT_location[DW_OP_regx 0x4d]
     999                    $C$DW$98        .dwtag  DW_TAG_TI_assign_register, DW_AT_name("ADR")
    1000                            .dwattr $C$DW$98, DW_AT_location[DW_OP_regx 0x4e]
    1001                    $C$DW$99        .dwtag  DW_TAG_TI_assign_register, DW_AT_name("FADCR")
    1002                            .dwattr $C$DW$99, DW_AT_location[DW_OP_regx 0x4f]
    1003                    $C$DW$100       .dwtag  DW_TAG_TI_assign_register, DW_AT_name("FAUCR")
    1004                            .dwattr $C$DW$100, DW_AT_location[DW_OP_regx 0x50]
    1005                    $C$DW$101       .dwtag  DW_TAG_TI_assign_register, DW_AT_name("FMCR")
    1006                            .dwattr $C$DW$101, DW_AT_location[DW_OP_regx 0x51]
    1007                    $C$DW$102       .dwtag  DW_TAG_TI_assign_register, DW_AT_name("GFPGFR")
    1008                            .dwattr $C$DW$102, DW_AT_location[DW_OP_regx 0x52]
    1009                    $C$DW$103       .dwtag  DW_TAG_TI_assign_register, DW_AT_name("DIER")
    1010                            .dwattr $C$DW$103, DW_AT_location[DW_OP_regx 0x53]
    1011                    $C$DW$104       .dwtag  DW_TAG_TI_assign_register, DW_AT_name("REP")
    1012                            .dwattr $C$DW$104, DW_AT_location[DW_OP_regx 0x54]
    1013                    $C$DW$105       .dwtag  DW_TAG_TI_assign_register, DW_AT_name("TSCL")
    1014                            .dwattr $C$DW$105, DW_AT_location[DW_OP_regx 0x55]
    1015                    $C$DW$106       .dwtag  DW_TAG_TI_assign_register, DW_AT_name("TSCH")
    1016                            .dwattr $C$DW$106, DW_AT_location[DW_OP_regx 0x56]
    1017                    $C$DW$107       .dwtag  DW_TAG_TI_assign_register, DW_AT_name("ARP")
    1018                            .dwattr $C$DW$107, DW_AT_location[DW_OP_regx 0x57]
    1019                    $C$DW$108       .dwtag  DW_TAG_TI_assign_register, DW_AT_name("ILC")
    1020                            .dwattr $C$DW$108, DW_AT_location[DW_OP_regx 0x58]
    1021                    $C$DW$109       .dwtag  DW_TAG_TI_assign_register, DW_AT_name("RILC")
    1022                            .dwattr $C$DW$109, DW_AT_location[DW_OP_regx 0x59]
    1023                    $C$DW$110       .dwtag  DW_TAG_TI_assign_register, DW_AT_name("DNUM")
    1024                            .dwattr $C$DW$110, DW_AT_location[DW_OP_regx 0x5a]
    1025                    $C$DW$111       .dwtag  DW_TAG_TI_assign_register, DW_AT_name("SSR")
    1026                            .dwattr $C$DW$111, DW_AT_location[DW_OP_regx 0x5b]
    1027                    $C$DW$112       .dwtag  DW_TAG_TI_assign_register, DW_AT_name("GPLYA")
    1028                            .dwattr $C$DW$112, DW_AT_location[DW_OP_regx 0x5c]
    1029                    $C$DW$113       .dwtag  DW_TAG_TI_assign_register, DW_AT_name("GPLYB")
    1030                            .dwattr $C$DW$113, DW_AT_location[DW_OP_regx 0x5d]
    1031                    $C$DW$114       .dwtag  DW_TAG_TI_assign_register, DW_AT_name("TSR")
    1032                            .dwattr $C$DW$114, DW_AT_location[DW_OP_regx 0x5e]
    1033                    $C$DW$115       .dwtag  DW_TAG_TI_assign_register, DW_AT_name("ITSR")
    1034                            .dwattr $C$DW$115, DW_AT_location[DW_OP_regx 0x5f]
    1035                    $C$DW$116       .dwtag  DW_TAG_TI_assign_register, DW_AT_name("NTSR")
    1036                            .dwattr $C$DW$116, DW_AT_location[DW_OP_regx 0x60]
    1037                    $C$DW$117       .dwtag  DW_TAG_TI_assign_register, DW_AT_name("EFR")
    1038                            .dwattr $C$DW$117, DW_AT_location[DW_OP_regx 0x61]
    1039                    $C$DW$118       .dwtag  DW_TAG_TI_assign_register, DW_AT_name("ECR")
    1040                            .dwattr $C$DW$118, DW_AT_location[DW_OP_regx 0x62]
    1041                    $C$DW$119       .dwtag  DW_TAG_TI_assign_register, DW_AT_name("IERR")
    1042                            .dwattr $C$DW$119, DW_AT_location[DW_OP_regx 0x63]
    1043                    $C$DW$120       .dwtag  DW_TAG_TI_assign_register, DW_AT_name("DMSG")
    1044                            .dwattr $C$DW$120, DW_AT_location[DW_OP_regx 0x64]
    1045                    $C$DW$121       .dwtag  DW_TAG_TI_assign_register, DW_AT_name("CMSG")
TMS320C6x Assembler PC v7.4.18 Tue Dec 05 10:24:52 2017

Tools Copyright (c) 1996-2015 Texas Instruments Incorporated
C:\Users\Pc\AppData\Local\Temp\0313610                               PAGE   20

    1046                            .dwattr $C$DW$121, DW_AT_location[DW_OP_regx 0x65]
    1047                    $C$DW$122       .dwtag  DW_TAG_TI_assign_register, DW_AT_name("DT_DMA_ADDR")
    1048                            .dwattr $C$DW$122, DW_AT_location[DW_OP_regx 0x66]
    1049                    $C$DW$123       .dwtag  DW_TAG_TI_assign_register, DW_AT_name("DT_DMA_DATA")
    1050                            .dwattr $C$DW$123, DW_AT_location[DW_OP_regx 0x67]
    1051                    $C$DW$124       .dwtag  DW_TAG_TI_assign_register, DW_AT_name("DT_DMA_CNTL")
    1052                            .dwattr $C$DW$124, DW_AT_location[DW_OP_regx 0x68]
    1053                    $C$DW$125       .dwtag  DW_TAG_TI_assign_register, DW_AT_name("TCU_CNTL")
    1054                            .dwattr $C$DW$125, DW_AT_location[DW_OP_regx 0x69]
    1055                    $C$DW$126       .dwtag  DW_TAG_TI_assign_register, DW_AT_name("RTDX_REC_CNTL")
    1056                            .dwattr $C$DW$126, DW_AT_location[DW_OP_regx 0x6a]
    1057                    $C$DW$127       .dwtag  DW_TAG_TI_assign_register, DW_AT_name("RTDX_XMT_CNTL")
    1058                            .dwattr $C$DW$127, DW_AT_location[DW_OP_regx 0x6b]
    1059                    $C$DW$128       .dwtag  DW_TAG_TI_assign_register, DW_AT_name("RTDX_CFG")
    1060                            .dwattr $C$DW$128, DW_AT_location[DW_OP_regx 0x6c]
    1061                    $C$DW$129       .dwtag  DW_TAG_TI_assign_register, DW_AT_name("RTDX_RDATA")
    1062                            .dwattr $C$DW$129, DW_AT_location[DW_OP_regx 0x6d]
    1063                    $C$DW$130       .dwtag  DW_TAG_TI_assign_register, DW_AT_name("RTDX_WDATA")
    1064                            .dwattr $C$DW$130, DW_AT_location[DW_OP_regx 0x6e]
    1065                    $C$DW$131       .dwtag  DW_TAG_TI_assign_register, DW_AT_name("RTDX_RADDR")
    1066                            .dwattr $C$DW$131, DW_AT_location[DW_OP_regx 0x6f]
    1067                    $C$DW$132       .dwtag  DW_TAG_TI_assign_register, DW_AT_name("RTDX_WADDR")
    1068                            .dwattr $C$DW$132, DW_AT_location[DW_OP_regx 0x70]
    1069                    $C$DW$133       .dwtag  DW_TAG_TI_assign_register, DW_AT_name("MFREG0")
    1070                            .dwattr $C$DW$133, DW_AT_location[DW_OP_regx 0x71]
    1071                    $C$DW$134       .dwtag  DW_TAG_TI_assign_register, DW_AT_name("DBG_STAT")
    1072                            .dwattr $C$DW$134, DW_AT_location[DW_OP_regx 0x72]
    1073                    $C$DW$135       .dwtag  DW_TAG_TI_assign_register, DW_AT_name("BRK_EN")
    1074                            .dwattr $C$DW$135, DW_AT_location[DW_OP_regx 0x73]
    1075                    $C$DW$136       .dwtag  DW_TAG_TI_assign_register, DW_AT_name("HWBP0_CNT")
    1076                            .dwattr $C$DW$136, DW_AT_location[DW_OP_regx 0x74]
    1077                    $C$DW$137       .dwtag  DW_TAG_TI_assign_register, DW_AT_name("HWBP0")
    1078                            .dwattr $C$DW$137, DW_AT_location[DW_OP_regx 0x75]
    1079                    $C$DW$138       .dwtag  DW_TAG_TI_assign_register, DW_AT_name("HWBP1")
    1080                            .dwattr $C$DW$138, DW_AT_location[DW_OP_regx 0x76]
    1081                    $C$DW$139       .dwtag  DW_TAG_TI_assign_register, DW_AT_name("HWBP2")
    1082                            .dwattr $C$DW$139, DW_AT_location[DW_OP_regx 0x77]
    1083                    $C$DW$140       .dwtag  DW_TAG_TI_assign_register, DW_AT_name("HWBP3")
    1084                            .dwattr $C$DW$140, DW_AT_location[DW_OP_regx 0x78]
    1085                    $C$DW$141       .dwtag  DW_TAG_TI_assign_register, DW_AT_name("OVERLAY")
    1086                            .dwattr $C$DW$141, DW_AT_location[DW_OP_regx 0x79]
    1087                    $C$DW$142       .dwtag  DW_TAG_TI_assign_register, DW_AT_name("PC_PROF")
    1088                            .dwattr $C$DW$142, DW_AT_location[DW_OP_regx 0x7a]
    1089                    $C$DW$143       .dwtag  DW_TAG_TI_assign_register, DW_AT_name("ATSR")
    1090                            .dwattr $C$DW$143, DW_AT_location[DW_OP_regx 0x7b]
    1091                    $C$DW$144       .dwtag  DW_TAG_TI_assign_register, DW_AT_name("TRR")
    1092                            .dwattr $C$DW$144, DW_AT_location[DW_OP_regx 0x7c]
    1093                    $C$DW$145       .dwtag  DW_TAG_TI_assign_register, DW_AT_name("TCRR")
    1094                            .dwattr $C$DW$145, DW_AT_location[DW_OP_regx 0x7d]
    1095                    $C$DW$146       .dwtag  DW_TAG_TI_assign_register, DW_AT_name("DESR")
    1096                            .dwattr $C$DW$146, DW_AT_location[DW_OP_regx 0x7e]
    1097                    $C$DW$147       .dwtag  DW_TAG_TI_assign_register, DW_AT_name("DETR")
    1098                            .dwattr $C$DW$147, DW_AT_location[DW_OP_regx 0x7f]
    1099                    $C$DW$148       .dwtag  DW_TAG_TI_assign_register, DW_AT_name("CIE_RETA")
    1100                            .dwattr $C$DW$148, DW_AT_location[DW_OP_regx 0xe4]
TMS320C6x Assembler PC v7.4.18 Tue Dec 05 10:24:52 2017

Tools Copyright (c) 1996-2015 Texas Instruments Incorporated
C:\Users\Pc\AppData\Local\Temp\0313610                               PAGE   21

    1101                            .dwendtag $C$DW$CU
    1102                    

No Assembly Errors, No Assembly Warnings
